2019-04-28 04:05:44.623 [main] ERROR [org.springframework.boot.diagnostics.LoggingFailureAnalysisReporter:42] [,] - 

***************************
APPLICATION FAILED TO START
***************************

Description:

The dependencies of some of the beans in the application context form a cycle:

   agencyController (field private com.house.api.service.AgencyService com.house.api.controller.AgencyController.agencyService)
      ↓
   agencyService (field private com.house.api.feignclient.UserClient com.house.api.service.AgencyService.userClient)
┌─────┐
|  com.house.api.feignclient.UserClient
↑     ↓
|  org.springframework.boot.autoconfigure.web.WebMvcAutoConfiguration$EnableWebMvcConfiguration
↑     ↓
|  webMvcConf (field private com.house.api.inteceptor.AuthInterceptor com.house.api.inteceptor.WebMvcConf.authInterceptor)
↑     ↓
|  authInterceptor (field private com.house.api.feignclient.UserClient com.house.api.inteceptor.AuthInterceptor.userClient)
↑     ↓
|  mvcResourceUrlProvider
└─────┘


