2019-04-28 04:05:43.836 [main] WARN  [org.springframework.context.annotation.AnnotationConfigApplicationContext:551] [,] - Exception encountered during context initialization - cancelling refresh attempt: org.springframework.beans.factory.BeanCurrentlyInCreationException: Error creating bean with name 'mvcResourceUrlProvider': Requested bean is currently in creation: Is there an unresolvable circular reference?
2019-04-28 04:05:43.838 [main] WARN  [org.springframework.context.annotation.AnnotationConfigApplicationContext:551] [,] - Exception encountered during context initialization - cancelling refresh attempt: org.springframework.beans.factory.UnsatisfiedDependencyException: Error creating bean with name 'org.springframework.boot.autoconfigure.web.WebMvcAutoConfiguration$EnableWebMvcConfiguration': Unsatisfied dependency expressed through method 'setConfigurers' parameter 0; nested exception is org.springframework.beans.factory.UnsatisfiedDependencyException: Error creating bean with name 'webMvcConf': Unsatisfied dependency expressed through field 'authInterceptor'; nested exception is org.springframework.beans.factory.UnsatisfiedDependencyException: Error creating bean with name 'authInterceptor': Unsatisfied dependency expressed through field 'userClient'; nested exception is org.springframework.beans.factory.BeanCreationException: Error creating bean with name 'com.house.api.feignclient.UserClient': FactoryBean threw exception on object creation; nested exception is org.springframework.beans.factory.BeanCurrentlyInCreationException: Error creating bean with name 'mvcResourceUrlProvider': Requested bean is currently in creation: Is there an unresolvable circular reference?
2019-04-28 04:05:43.840 [main] WARN  [org.springframework.boot.context.embedded.AnnotationConfigEmbeddedWebApplicationContext:551] [,] - Exception encountered during context initialization - cancelling refresh attempt: org.springframework.beans.factory.UnsatisfiedDependencyException: Error creating bean with name 'agencyController': Unsatisfied dependency expressed through field 'agencyService'; nested exception is org.springframework.beans.factory.UnsatisfiedDependencyException: Error creating bean with name 'agencyService': Unsatisfied dependency expressed through field 'userClient'; nested exception is org.springframework.beans.factory.BeanCreationException: Error creating bean with name 'com.house.api.feignclient.UserClient': FactoryBean threw exception on object creation; nested exception is org.springframework.beans.factory.UnsatisfiedDependencyException: Error creating bean with name 'org.springframework.boot.autoconfigure.web.WebMvcAutoConfiguration$EnableWebMvcConfiguration': Unsatisfied dependency expressed through method 'setConfigurers' parameter 0; nested exception is org.springframework.beans.factory.UnsatisfiedDependencyException: Error creating bean with name 'webMvcConf': Unsatisfied dependency expressed through field 'authInterceptor'; nested exception is org.springframework.beans.factory.UnsatisfiedDependencyException: Error creating bean with name 'authInterceptor': Unsatisfied dependency expressed through field 'userClient'; nested exception is org.springframework.beans.factory.BeanCreationException: Error creating bean with name 'com.house.api.feignclient.UserClient': FactoryBean threw exception on object creation; nested exception is org.springframework.beans.factory.BeanCurrentlyInCreationException: Error creating bean with name 'mvcResourceUrlProvider': Requested bean is currently in creation: Is there an unresolvable circular reference?
2019-04-28 04:05:44.623 [main] ERROR [org.springframework.boot.diagnostics.LoggingFailureAnalysisReporter:42] [,] - 

***************************
APPLICATION FAILED TO START
***************************

Description:

The dependencies of some of the beans in the application context form a cycle:

   agencyController (field private com.house.api.service.AgencyService com.house.api.controller.AgencyController.agencyService)
      ↓
   agencyService (field private com.house.api.feignclient.UserClient com.house.api.service.AgencyService.userClient)
┌─────┐
|  com.house.api.feignclient.UserClient
↑     ↓
|  org.springframework.boot.autoconfigure.web.WebMvcAutoConfiguration$EnableWebMvcConfiguration
↑     ↓
|  webMvcConf (field private com.house.api.inteceptor.AuthInterceptor com.house.api.inteceptor.WebMvcConf.authInterceptor)
↑     ↓
|  authInterceptor (field private com.house.api.feignclient.UserClient com.house.api.inteceptor.AuthInterceptor.userClient)
↑     ↓
|  mvcResourceUrlProvider
└─────┘


