2019-05-15 19:19:20.313 [main] INFO  [org.springframework.context.annotation.AnnotationConfigApplicationContext:583] [,] - Refreshing org.springframework.context.annotation.AnnotationConfigApplicationContext@70e3f36f: startup date [Wed May 15 19:19:20 CST 2019]; root of context hierarchy
2019-05-15 19:19:20.597 [background-preinit] INFO  [org.hibernate.validator.internal.util.Version:30] [,] - HV000001: Hibernate Validator 5.3.5.Final
2019-05-15 19:19:20.904 [main] INFO  [org.springframework.beans.factory.annotation.AutowiredAnnotationBeanPostProcessor:155] [,] - JSR-330 'javax.inject.Inject' annotation found and supported for autowiring
2019-05-15 19:19:20.962 [main] INFO  [org.springframework.context.support.PostProcessorRegistrationDelegate$BeanPostProcessorChecker:325] [,] - Bean 'configurationPropertiesRebinderAutoConfiguration' of type [org.springframework.cloud.autoconfigure.ConfigurationPropertiesRebinderAutoConfiguration$$EnhancerBySpringCGLIB$$de72be0f] is not eligible for getting processed by all BeanPostProcessors (for example: not eligible for auto-proxying)
2019-05-15 19:19:21.857 [main] INFO  [com.house.api.ApiGatewayApplication:593] [,] - No active profile set, falling back to default profiles: default
2019-05-15 19:19:21.912 [main] INFO  [org.springframework.boot.context.embedded.AnnotationConfigEmbeddedWebApplicationContext:583] [,] - Refreshing org.springframework.boot.context.embedded.AnnotationConfigEmbeddedWebApplicationContext@4a2929a4: startup date [Wed May 15 19:19:21 CST 2019]; parent: org.springframework.context.annotation.AnnotationConfigApplicationContext@70e3f36f
2019-05-15 19:19:24.721 [main] ERROR [org.springframework.boot.SpringApplication:771] [,] - Application startup failed
java.lang.IllegalArgumentException: No ConfigurationProperties annotation found on  'com.house.api.config.HttpClientProperties'.
	at org.springframework.util.Assert.notNull(Assert.java:134) ~[spring-core-4.3.10.RELEASE.jar:4.3.10.RELEASE]
	at org.springframework.boot.context.properties.EnableConfigurationPropertiesImportSelector$ConfigurationPropertiesBeanRegistrar.registerBeanDefinition(EnableConfigurationPropertiesImportSelector.java:117) ~[spring-boot-1.5.6.RELEASE.jar:1.5.6.RELEASE]
	at org.springframework.boot.context.properties.EnableConfigurationPropertiesImportSelector$ConfigurationPropertiesBeanRegistrar.registerBeanDefinitions(EnableConfigurationPropertiesImportSelector.java:82) ~[spring-boot-1.5.6.RELEASE.jar:1.5.6.RELEASE]
	at org.springframework.context.annotation.ConfigurationClassBeanDefinitionReader.loadBeanDefinitionsFromRegistrars(ConfigurationClassBeanDefinitionReader.java:359) ~[spring-context-4.3.10.RELEASE.jar:4.3.10.RELEASE]
	at org.springframework.context.annotation.ConfigurationClassBeanDefinitionReader.loadBeanDefinitionsForConfigurationClass(ConfigurationClassBeanDefinitionReader.java:143) ~[spring-context-4.3.10.RELEASE.jar:4.3.10.RELEASE]
	at org.springframework.context.annotation.ConfigurationClassBeanDefinitionReader.loadBeanDefinitions(ConfigurationClassBeanDefinitionReader.java:116) ~[spring-context-4.3.10.RELEASE.jar:4.3.10.RELEASE]
	at org.springframework.context.annotation.ConfigurationClassPostProcessor.processConfigBeanDefinitions(ConfigurationClassPostProcessor.java:320) ~[spring-context-4.3.10.RELEASE.jar:4.3.10.RELEASE]
	at org.springframework.context.annotation.ConfigurationClassPostProcessor.postProcessBeanDefinitionRegistry(ConfigurationClassPostProcessor.java:228) ~[spring-context-4.3.10.RELEASE.jar:4.3.10.RELEASE]
	at org.springframework.context.support.PostProcessorRegistrationDelegate.invokeBeanDefinitionRegistryPostProcessors(PostProcessorRegistrationDelegate.java:270) ~[spring-context-4.3.10.RELEASE.jar:4.3.10.RELEASE]
	at org.springframework.context.support.PostProcessorRegistrationDelegate.invokeBeanFactoryPostProcessors(PostProcessorRegistrationDelegate.java:93) ~[spring-context-4.3.10.RELEASE.jar:4.3.10.RELEASE]
	at org.springframework.context.support.AbstractApplicationContext.invokeBeanFactoryPostProcessors(AbstractApplicationContext.java:687) ~[spring-context-4.3.10.RELEASE.jar:4.3.10.RELEASE]
	at org.springframework.context.support.AbstractApplicationContext.refresh(AbstractApplicationContext.java:525) ~[spring-context-4.3.10.RELEASE.jar:4.3.10.RELEASE]
	at org.springframework.boot.context.embedded.EmbeddedWebApplicationContext.refresh(EmbeddedWebApplicationContext.java:122) ~[spring-boot-1.5.6.RELEASE.jar:1.5.6.RELEASE]
	at org.springframework.boot.SpringApplication.refresh(SpringApplication.java:693) ~[spring-boot-1.5.6.RELEASE.jar:1.5.6.RELEASE]
	at org.springframework.boot.SpringApplication.refreshContext(SpringApplication.java:360) ~[spring-boot-1.5.6.RELEASE.jar:1.5.6.RELEASE]
	at org.springframework.boot.SpringApplication.run(SpringApplication.java:303) ~[spring-boot-1.5.6.RELEASE.jar:1.5.6.RELEASE]
	at org.springframework.boot.SpringApplication.run(SpringApplication.java:1118) ~[spring-boot-1.5.6.RELEASE.jar:1.5.6.RELEASE]
	at org.springframework.boot.SpringApplication.run(SpringApplication.java:1107) ~[spring-boot-1.5.6.RELEASE.jar:1.5.6.RELEASE]
	at com.house.api.ApiGatewayApplication.main(ApiGatewayApplication.java:13) ~[classes/:?]
2019-05-15 19:19:24.722 [main] INFO  [org.springframework.boot.context.embedded.AnnotationConfigEmbeddedWebApplicationContext:984] [,] - Closing org.springframework.boot.context.embedded.AnnotationConfigEmbeddedWebApplicationContext@4a2929a4: startup date [Wed May 15 19:19:21 CST 2019]; parent: org.springframework.context.annotation.AnnotationConfigApplicationContext@70e3f36f
2019-05-15 19:19:24.722 [main] WARN  [org.springframework.boot.context.embedded.AnnotationConfigEmbeddedWebApplicationContext:1002] [,] - Exception thrown from LifecycleProcessor on context close
java.lang.IllegalStateException: LifecycleProcessor not initialized - call 'refresh' before invoking lifecycle methods via the context: org.springframework.boot.context.embedded.AnnotationConfigEmbeddedWebApplicationContext@4a2929a4: startup date [Wed May 15 19:19:21 CST 2019]; parent: org.springframework.context.annotation.AnnotationConfigApplicationContext@70e3f36f
	at org.springframework.context.support.AbstractApplicationContext.getLifecycleProcessor(AbstractApplicationContext.java:427) ~[spring-context-4.3.10.RELEASE.jar:4.3.10.RELEASE]
	at org.springframework.context.support.AbstractApplicationContext.doClose(AbstractApplicationContext.java:999) ~[spring-context-4.3.10.RELEASE.jar:4.3.10.RELEASE]
	at org.springframework.context.support.AbstractApplicationContext.close(AbstractApplicationContext.java:958) ~[spring-context-4.3.10.RELEASE.jar:4.3.10.RELEASE]
	at org.springframework.boot.SpringApplication.handleRunFailure(SpringApplication.java:750) ~[spring-boot-1.5.6.RELEASE.jar:1.5.6.RELEASE]
	at org.springframework.boot.SpringApplication.run(SpringApplication.java:314) ~[spring-boot-1.5.6.RELEASE.jar:1.5.6.RELEASE]
	at org.springframework.boot.SpringApplication.run(SpringApplication.java:1118) ~[spring-boot-1.5.6.RELEASE.jar:1.5.6.RELEASE]
	at org.springframework.boot.SpringApplication.run(SpringApplication.java:1107) ~[spring-boot-1.5.6.RELEASE.jar:1.5.6.RELEASE]
	at com.house.api.ApiGatewayApplication.main(ApiGatewayApplication.java:13) ~[classes/:?]
2019-05-15 19:19:24.723 [main] ERROR [org.springframework.beans.factory.support.DefaultListableBeanFactory:581] [,] - Destroy method on bean with name 'org.springframework.boot.autoconfigure.internalCachingMetadataReaderFactory' threw an exception
java.lang.IllegalStateException: ApplicationEventMulticaster not initialized - call 'refresh' before multicasting events via the context: org.springframework.boot.context.embedded.AnnotationConfigEmbeddedWebApplicationContext@4a2929a4: startup date [Wed May 15 19:19:21 CST 2019]; parent: org.springframework.context.annotation.AnnotationConfigApplicationContext@70e3f36f
	at org.springframework.context.support.AbstractApplicationContext.getApplicationEventMulticaster(AbstractApplicationContext.java:414) ~[spring-context-4.3.10.RELEASE.jar:4.3.10.RELEASE]
	at org.springframework.context.support.ApplicationListenerDetector.postProcessBeforeDestruction(ApplicationListenerDetector.java:97) ~[spring-context-4.3.10.RELEASE.jar:4.3.10.RELEASE]
	at org.springframework.beans.factory.support.DisposableBeanAdapter.destroy(DisposableBeanAdapter.java:253) ~[spring-beans-4.3.10.RELEASE.jar:4.3.10.RELEASE]
	at org.springframework.beans.factory.support.DefaultSingletonBeanRegistry.destroyBean(DefaultSingletonBeanRegistry.java:578) ~[spring-beans-4.3.10.RELEASE.jar:4.3.10.RELEASE]
	at org.springframework.beans.factory.support.DefaultSingletonBeanRegistry.destroySingleton(DefaultSingletonBeanRegistry.java:554) ~[spring-beans-4.3.10.RELEASE.jar:4.3.10.RELEASE]
	at org.springframework.beans.factory.support.DefaultListableBeanFactory.destroySingleton(DefaultListableBeanFactory.java:961) ~[spring-beans-4.3.10.RELEASE.jar:4.3.10.RELEASE]
	at org.springframework.beans.factory.support.DefaultSingletonBeanRegistry.destroySingletons(DefaultSingletonBeanRegistry.java:523) ~[spring-beans-4.3.10.RELEASE.jar:4.3.10.RELEASE]
	at org.springframework.beans.factory.support.FactoryBeanRegistrySupport.destroySingletons(FactoryBeanRegistrySupport.java:230) ~[spring-beans-4.3.10.RELEASE.jar:4.3.10.RELEASE]
	at org.springframework.beans.factory.support.DefaultListableBeanFactory.destroySingletons(DefaultListableBeanFactory.java:968) ~[spring-beans-4.3.10.RELEASE.jar:4.3.10.RELEASE]
	at org.springframework.context.support.AbstractApplicationContext.destroyBeans(AbstractApplicationContext.java:1030) ~[spring-context-4.3.10.RELEASE.jar:4.3.10.RELEASE]
	at org.springframework.context.support.AbstractApplicationContext.doClose(AbstractApplicationContext.java:1006) ~[spring-context-4.3.10.RELEASE.jar:4.3.10.RELEASE]
	at org.springframework.context.support.AbstractApplicationContext.close(AbstractApplicationContext.java:958) ~[spring-context-4.3.10.RELEASE.jar:4.3.10.RELEASE]
	at org.springframework.boot.SpringApplication.handleRunFailure(SpringApplication.java:750) ~[spring-boot-1.5.6.RELEASE.jar:1.5.6.RELEASE]
	at org.springframework.boot.SpringApplication.run(SpringApplication.java:314) ~[spring-boot-1.5.6.RELEASE.jar:1.5.6.RELEASE]
	at org.springframework.boot.SpringApplication.run(SpringApplication.java:1118) ~[spring-boot-1.5.6.RELEASE.jar:1.5.6.RELEASE]
	at org.springframework.boot.SpringApplication.run(SpringApplication.java:1107) ~[spring-boot-1.5.6.RELEASE.jar:1.5.6.RELEASE]
	at com.house.api.ApiGatewayApplication.main(ApiGatewayApplication.java:13) ~[classes/:?]
2019-05-15 19:19:58.398 [main] INFO  [org.springframework.context.annotation.AnnotationConfigApplicationContext:583] [,] - Refreshing org.springframework.context.annotation.AnnotationConfigApplicationContext@70e3f36f: startup date [Wed May 15 19:19:58 CST 2019]; root of context hierarchy
2019-05-15 19:19:59.701 [main] INFO  [org.springframework.beans.factory.annotation.AutowiredAnnotationBeanPostProcessor:155] [,] - JSR-330 'javax.inject.Inject' annotation found and supported for autowiring
2019-05-15 19:19:59.771 [main] INFO  [org.springframework.context.support.PostProcessorRegistrationDelegate$BeanPostProcessorChecker:325] [,] - Bean 'configurationPropertiesRebinderAutoConfiguration' of type [org.springframework.cloud.autoconfigure.ConfigurationPropertiesRebinderAutoConfiguration$$EnhancerBySpringCGLIB$$49e382d9] is not eligible for getting processed by all BeanPostProcessors (for example: not eligible for auto-proxying)
2019-05-15 19:19:59.963 [background-preinit] INFO  [org.hibernate.validator.internal.util.Version:30] [,] - HV000001: Hibernate Validator 5.3.5.Final
2019-05-15 19:20:01.267 [main] INFO  [com.house.api.ApiGatewayApplication:593] [,] - No active profile set, falling back to default profiles: default
2019-05-15 19:20:01.292 [main] INFO  [org.springframework.boot.context.embedded.AnnotationConfigEmbeddedWebApplicationContext:583] [,] - Refreshing org.springframework.boot.context.embedded.AnnotationConfigEmbeddedWebApplicationContext@5a3a1bf9: startup date [Wed May 15 19:20:01 CST 2019]; parent: org.springframework.context.annotation.AnnotationConfigApplicationContext@70e3f36f
2019-05-15 19:20:02.618 [main] ERROR [org.springframework.boot.SpringApplication:771] [,] - Application startup failed
java.lang.IllegalArgumentException: No ConfigurationProperties annotation found on  'com.house.api.config.HttpClientProperties'.
	at org.springframework.util.Assert.notNull(Assert.java:134) ~[spring-core-4.3.10.RELEASE.jar:4.3.10.RELEASE]
	at org.springframework.boot.context.properties.EnableConfigurationPropertiesImportSelector$ConfigurationPropertiesBeanRegistrar.registerBeanDefinition(EnableConfigurationPropertiesImportSelector.java:117) ~[spring-boot-1.5.6.RELEASE.jar:1.5.6.RELEASE]
	at org.springframework.boot.context.properties.EnableConfigurationPropertiesImportSelector$ConfigurationPropertiesBeanRegistrar.registerBeanDefinitions(EnableConfigurationPropertiesImportSelector.java:82) ~[spring-boot-1.5.6.RELEASE.jar:1.5.6.RELEASE]
	at org.springframework.context.annotation.ConfigurationClassBeanDefinitionReader.loadBeanDefinitionsFromRegistrars(ConfigurationClassBeanDefinitionReader.java:359) ~[spring-context-4.3.10.RELEASE.jar:4.3.10.RELEASE]
	at org.springframework.context.annotation.ConfigurationClassBeanDefinitionReader.loadBeanDefinitionsForConfigurationClass(ConfigurationClassBeanDefinitionReader.java:143) ~[spring-context-4.3.10.RELEASE.jar:4.3.10.RELEASE]
	at org.springframework.context.annotation.ConfigurationClassBeanDefinitionReader.loadBeanDefinitions(ConfigurationClassBeanDefinitionReader.java:116) ~[spring-context-4.3.10.RELEASE.jar:4.3.10.RELEASE]
	at org.springframework.context.annotation.ConfigurationClassPostProcessor.processConfigBeanDefinitions(ConfigurationClassPostProcessor.java:320) ~[spring-context-4.3.10.RELEASE.jar:4.3.10.RELEASE]
	at org.springframework.context.annotation.ConfigurationClassPostProcessor.postProcessBeanDefinitionRegistry(ConfigurationClassPostProcessor.java:228) ~[spring-context-4.3.10.RELEASE.jar:4.3.10.RELEASE]
	at org.springframework.context.support.PostProcessorRegistrationDelegate.invokeBeanDefinitionRegistryPostProcessors(PostProcessorRegistrationDelegate.java:270) ~[spring-context-4.3.10.RELEASE.jar:4.3.10.RELEASE]
	at org.springframework.context.support.PostProcessorRegistrationDelegate.invokeBeanFactoryPostProcessors(PostProcessorRegistrationDelegate.java:93) ~[spring-context-4.3.10.RELEASE.jar:4.3.10.RELEASE]
	at org.springframework.context.support.AbstractApplicationContext.invokeBeanFactoryPostProcessors(AbstractApplicationContext.java:687) ~[spring-context-4.3.10.RELEASE.jar:4.3.10.RELEASE]
	at org.springframework.context.support.AbstractApplicationContext.refresh(AbstractApplicationContext.java:525) ~[spring-context-4.3.10.RELEASE.jar:4.3.10.RELEASE]
	at org.springframework.boot.context.embedded.EmbeddedWebApplicationContext.refresh(EmbeddedWebApplicationContext.java:122) ~[spring-boot-1.5.6.RELEASE.jar:1.5.6.RELEASE]
	at org.springframework.boot.SpringApplication.refresh(SpringApplication.java:693) ~[spring-boot-1.5.6.RELEASE.jar:1.5.6.RELEASE]
	at org.springframework.boot.SpringApplication.refreshContext(SpringApplication.java:360) ~[spring-boot-1.5.6.RELEASE.jar:1.5.6.RELEASE]
	at org.springframework.boot.SpringApplication.run(SpringApplication.java:303) ~[spring-boot-1.5.6.RELEASE.jar:1.5.6.RELEASE]
	at org.springframework.boot.SpringApplication.run(SpringApplication.java:1118) ~[spring-boot-1.5.6.RELEASE.jar:1.5.6.RELEASE]
	at org.springframework.boot.SpringApplication.run(SpringApplication.java:1107) ~[spring-boot-1.5.6.RELEASE.jar:1.5.6.RELEASE]
	at com.house.api.ApiGatewayApplication.main(ApiGatewayApplication.java:13) ~[classes/:?]
2019-05-15 19:20:02.620 [main] INFO  [org.springframework.boot.context.embedded.AnnotationConfigEmbeddedWebApplicationContext:984] [,] - Closing org.springframework.boot.context.embedded.AnnotationConfigEmbeddedWebApplicationContext@5a3a1bf9: startup date [Wed May 15 19:20:01 CST 2019]; parent: org.springframework.context.annotation.AnnotationConfigApplicationContext@70e3f36f
2019-05-15 19:20:02.620 [main] WARN  [org.springframework.boot.context.embedded.AnnotationConfigEmbeddedWebApplicationContext:1002] [,] - Exception thrown from LifecycleProcessor on context close
java.lang.IllegalStateException: LifecycleProcessor not initialized - call 'refresh' before invoking lifecycle methods via the context: org.springframework.boot.context.embedded.AnnotationConfigEmbeddedWebApplicationContext@5a3a1bf9: startup date [Wed May 15 19:20:01 CST 2019]; parent: org.springframework.context.annotation.AnnotationConfigApplicationContext@70e3f36f
	at org.springframework.context.support.AbstractApplicationContext.getLifecycleProcessor(AbstractApplicationContext.java:427) ~[spring-context-4.3.10.RELEASE.jar:4.3.10.RELEASE]
	at org.springframework.context.support.AbstractApplicationContext.doClose(AbstractApplicationContext.java:999) ~[spring-context-4.3.10.RELEASE.jar:4.3.10.RELEASE]
	at org.springframework.context.support.AbstractApplicationContext.close(AbstractApplicationContext.java:958) ~[spring-context-4.3.10.RELEASE.jar:4.3.10.RELEASE]
	at org.springframework.boot.SpringApplication.handleRunFailure(SpringApplication.java:750) ~[spring-boot-1.5.6.RELEASE.jar:1.5.6.RELEASE]
	at org.springframework.boot.SpringApplication.run(SpringApplication.java:314) ~[spring-boot-1.5.6.RELEASE.jar:1.5.6.RELEASE]
	at org.springframework.boot.SpringApplication.run(SpringApplication.java:1118) ~[spring-boot-1.5.6.RELEASE.jar:1.5.6.RELEASE]
	at org.springframework.boot.SpringApplication.run(SpringApplication.java:1107) ~[spring-boot-1.5.6.RELEASE.jar:1.5.6.RELEASE]
	at com.house.api.ApiGatewayApplication.main(ApiGatewayApplication.java:13) ~[classes/:?]
2019-05-15 19:20:02.620 [main] ERROR [org.springframework.beans.factory.support.DefaultListableBeanFactory:581] [,] - Destroy method on bean with name 'org.springframework.boot.autoconfigure.internalCachingMetadataReaderFactory' threw an exception
java.lang.IllegalStateException: ApplicationEventMulticaster not initialized - call 'refresh' before multicasting events via the context: org.springframework.boot.context.embedded.AnnotationConfigEmbeddedWebApplicationContext@5a3a1bf9: startup date [Wed May 15 19:20:01 CST 2019]; parent: org.springframework.context.annotation.AnnotationConfigApplicationContext@70e3f36f
	at org.springframework.context.support.AbstractApplicationContext.getApplicationEventMulticaster(AbstractApplicationContext.java:414) ~[spring-context-4.3.10.RELEASE.jar:4.3.10.RELEASE]
	at org.springframework.context.support.ApplicationListenerDetector.postProcessBeforeDestruction(ApplicationListenerDetector.java:97) ~[spring-context-4.3.10.RELEASE.jar:4.3.10.RELEASE]
	at org.springframework.beans.factory.support.DisposableBeanAdapter.destroy(DisposableBeanAdapter.java:253) ~[spring-beans-4.3.10.RELEASE.jar:4.3.10.RELEASE]
	at org.springframework.beans.factory.support.DefaultSingletonBeanRegistry.destroyBean(DefaultSingletonBeanRegistry.java:578) ~[spring-beans-4.3.10.RELEASE.jar:4.3.10.RELEASE]
	at org.springframework.beans.factory.support.DefaultSingletonBeanRegistry.destroySingleton(DefaultSingletonBeanRegistry.java:554) ~[spring-beans-4.3.10.RELEASE.jar:4.3.10.RELEASE]
	at org.springframework.beans.factory.support.DefaultListableBeanFactory.destroySingleton(DefaultListableBeanFactory.java:961) ~[spring-beans-4.3.10.RELEASE.jar:4.3.10.RELEASE]
	at org.springframework.beans.factory.support.DefaultSingletonBeanRegistry.destroySingletons(DefaultSingletonBeanRegistry.java:523) ~[spring-beans-4.3.10.RELEASE.jar:4.3.10.RELEASE]
	at org.springframework.beans.factory.support.FactoryBeanRegistrySupport.destroySingletons(FactoryBeanRegistrySupport.java:230) ~[spring-beans-4.3.10.RELEASE.jar:4.3.10.RELEASE]
	at org.springframework.beans.factory.support.DefaultListableBeanFactory.destroySingletons(DefaultListableBeanFactory.java:968) ~[spring-beans-4.3.10.RELEASE.jar:4.3.10.RELEASE]
	at org.springframework.context.support.AbstractApplicationContext.destroyBeans(AbstractApplicationContext.java:1030) ~[spring-context-4.3.10.RELEASE.jar:4.3.10.RELEASE]
	at org.springframework.context.support.AbstractApplicationContext.doClose(AbstractApplicationContext.java:1006) ~[spring-context-4.3.10.RELEASE.jar:4.3.10.RELEASE]
	at org.springframework.context.support.AbstractApplicationContext.close(AbstractApplicationContext.java:958) ~[spring-context-4.3.10.RELEASE.jar:4.3.10.RELEASE]
	at org.springframework.boot.SpringApplication.handleRunFailure(SpringApplication.java:750) ~[spring-boot-1.5.6.RELEASE.jar:1.5.6.RELEASE]
	at org.springframework.boot.SpringApplication.run(SpringApplication.java:314) ~[spring-boot-1.5.6.RELEASE.jar:1.5.6.RELEASE]
	at org.springframework.boot.SpringApplication.run(SpringApplication.java:1118) ~[spring-boot-1.5.6.RELEASE.jar:1.5.6.RELEASE]
	at org.springframework.boot.SpringApplication.run(SpringApplication.java:1107) ~[spring-boot-1.5.6.RELEASE.jar:1.5.6.RELEASE]
	at com.house.api.ApiGatewayApplication.main(ApiGatewayApplication.java:13) ~[classes/:?]
2019-05-15 19:20:43.771 [main] INFO  [org.springframework.context.annotation.AnnotationConfigApplicationContext:583] [,] - Refreshing org.springframework.context.annotation.AnnotationConfigApplicationContext@70e3f36f: startup date [Wed May 15 19:20:43 CST 2019]; root of context hierarchy
2019-05-15 19:20:44.463 [main] INFO  [org.springframework.beans.factory.annotation.AutowiredAnnotationBeanPostProcessor:155] [,] - JSR-330 'javax.inject.Inject' annotation found and supported for autowiring
2019-05-15 19:20:44.528 [main] INFO  [org.springframework.context.support.PostProcessorRegistrationDelegate$BeanPostProcessorChecker:325] [,] - Bean 'configurationPropertiesRebinderAutoConfiguration' of type [org.springframework.cloud.autoconfigure.ConfigurationPropertiesRebinderAutoConfiguration$$EnhancerBySpringCGLIB$$5b4d4cac] is not eligible for getting processed by all BeanPostProcessors (for example: not eligible for auto-proxying)
2019-05-15 19:20:44.638 [main] INFO  [org.hibernate.validator.internal.util.Version:30] [,] - HV000001: Hibernate Validator 5.3.5.Final
2019-05-15 19:20:45.587 [main] INFO  [com.house.api.ApiGatewayApplication:593] [,] - No active profile set, falling back to default profiles: default
2019-05-15 19:20:45.604 [main] INFO  [org.springframework.boot.context.embedded.AnnotationConfigEmbeddedWebApplicationContext:583] [,] - Refreshing org.springframework.boot.context.embedded.AnnotationConfigEmbeddedWebApplicationContext@35a60674: startup date [Wed May 15 19:20:45 CST 2019]; parent: org.springframework.context.annotation.AnnotationConfigApplicationContext@70e3f36f
2019-05-15 19:20:46.623 [main] INFO  [org.springframework.beans.factory.support.DefaultListableBeanFactory:828] [,] - Overriding bean definition for bean 'hystrixFeature' with a different definition: replacing [Root bean: class [null]; scope=; abstract=false; lazyInit=false; autowireMode=3; dependencyCheck=0; autowireCandidate=true; primary=false; factoryBeanName=org.springframework.cloud.netflix.hystrix.HystrixCircuitBreakerConfiguration$HystrixWebConfiguration; factoryMethodName=hystrixFeature; initMethodName=null; destroyMethodName=(inferred); defined in class path resource [org/springframework/cloud/netflix/hystrix/HystrixCircuitBreakerConfiguration$HystrixWebConfiguration.class]] with [Root bean: class [null]; scope=; abstract=false; lazyInit=false; autowireMode=3; dependencyCheck=0; autowireCandidate=true; primary=false; factoryBeanName=org.springframework.cloud.netflix.hystrix.HystrixCircuitBreakerConfiguration; factoryMethodName=hystrixFeature; initMethodName=null; destroyMethodName=(inferred); defined in class path resource [org/springframework/cloud/netflix/hystrix/HystrixCircuitBreakerConfiguration.class]]
2019-05-15 19:20:47.171 [main] INFO  [org.springframework.data.repository.config.RepositoryConfigurationDelegate:165] [,] - Multiple Spring Data modules found, entering strict repository configuration mode!
2019-05-15 19:20:47.696 [main] INFO  [com.ctrip.framework.foundation.internals.provider.DefaultApplicationProvider:85] [,] - App ID is set to api-getway by app.id property from System Property
2019-05-15 19:20:47.703 [main] INFO  [com.ctrip.framework.foundation.internals.provider.DefaultServerProvider:34] [,] - Loading C:\opt\settings\server.properties
2019-05-15 19:20:47.720 [main] INFO  [com.ctrip.framework.foundation.internals.provider.DefaultServerProvider:124] [,] - Environment is set to [DEV] by property 'env' in server.properties.
2019-05-15 19:20:47.990 [main] INFO  [org.springframework.cloud.context.scope.GenericScope:263] [,] - BeanFactory id=0548b756-0f2d-38e4-aa48-7d18003b6341
2019-05-15 19:20:48.128 [main] INFO  [com.ctrip.framework.apollo.internals.DefaultMetaServerProvider:42] [,] - Located meta services from apollo.meta configuration: http://localhost:8080/!
2019-05-15 19:20:48.133 [main] INFO  [com.ctrip.framework.apollo.core.MetaDomainConsts:93] [,] - Located meta server address http://localhost:8080/ for env DEV from com.ctrip.framework.apollo.internals.DefaultMetaServerProvider
2019-05-15 19:20:48.674 [main] INFO  [org.springframework.beans.factory.annotation.AutowiredAnnotationBeanPostProcessor:155] [,] - JSR-330 'javax.inject.Inject' annotation found and supported for autowiring
2019-05-15 19:20:48.725 [main] INFO  [org.springframework.context.support.PostProcessorRegistrationDelegate$BeanPostProcessorChecker:325] [,] - Bean 'com.house.api.feignclient.CommentClient' of type [org.springframework.cloud.netflix.feign.FeignClientFactoryBean] is not eligible for getting processed by all BeanPostProcessors (for example: not eligible for auto-proxying)
2019-05-15 19:20:48.727 [main] INFO  [org.springframework.context.support.PostProcessorRegistrationDelegate$BeanPostProcessorChecker:325] [,] - Bean 'com.house.api.feignclient.HouseClient' of type [org.springframework.cloud.netflix.feign.FeignClientFactoryBean] is not eligible for getting processed by all BeanPostProcessors (for example: not eligible for auto-proxying)
2019-05-15 19:20:48.728 [main] INFO  [org.springframework.context.support.PostProcessorRegistrationDelegate$BeanPostProcessorChecker:325] [,] - Bean 'com.house.api.feignclient.UserClient' of type [org.springframework.cloud.netflix.feign.FeignClientFactoryBean] is not eligible for getting processed by all BeanPostProcessors (for example: not eligible for auto-proxying)
2019-05-15 19:20:48.903 [main] INFO  [org.springframework.context.support.PostProcessorRegistrationDelegate$BeanPostProcessorChecker:325] [,] - Bean 'org.springframework.cloud.sleuth.instrument.async.AsyncDefaultAutoConfiguration$DefaultAsyncConfigurerSupport' of type [org.springframework.cloud.sleuth.instrument.async.AsyncDefaultAutoConfiguration$DefaultAsyncConfigurerSupport$$EnhancerBySpringCGLIB$$7c74e772] is not eligible for getting processed by all BeanPostProcessors (for example: not eligible for auto-proxying)
2019-05-15 19:20:49.121 [main] INFO  [org.springframework.context.support.PostProcessorRegistrationDelegate$BeanPostProcessorChecker:325] [,] - Bean 'org.springframework.cloud.autoconfigure.ConfigurationPropertiesRebinderAutoConfiguration' of type [org.springframework.cloud.autoconfigure.ConfigurationPropertiesRebinderAutoConfiguration$$EnhancerBySpringCGLIB$$5b4d4cac] is not eligible for getting processed by all BeanPostProcessors (for example: not eligible for auto-proxying)
2019-05-15 19:20:49.595 [main] INFO  [org.springframework.context.support.PostProcessorRegistrationDelegate$BeanPostProcessorChecker:325] [,] - Bean 'org.springframework.cloud.sleuth.instrument.web.client.feign.TraceFeignClientAutoConfiguration$FeignBeanPostProcessorConfiguration' of type [org.springframework.cloud.sleuth.instrument.web.client.feign.TraceFeignClientAutoConfiguration$FeignBeanPostProcessorConfiguration$$EnhancerBySpringCGLIB$$7ec52275] is not eligible for getting processed by all BeanPostProcessors (for example: not eligible for auto-proxying)
2019-05-15 19:20:49.624 [main] INFO  [org.springframework.context.support.PostProcessorRegistrationDelegate$BeanPostProcessorChecker:325] [,] - Bean 'org.springframework.cloud.sleuth.instrument.async.AsyncDefaultAutoConfiguration' of type [org.springframework.cloud.sleuth.instrument.async.AsyncDefaultAutoConfiguration$$EnhancerBySpringCGLIB$$2716f5ce] is not eligible for getting processed by all BeanPostProcessors (for example: not eligible for auto-proxying)
2019-05-15 19:20:51.090 [main] INFO  [org.springframework.boot.context.embedded.tomcat.TomcatEmbeddedServletContainer:89] [,] - Tomcat initialized with port(s): 8086 (http)
2019-05-15 19:20:51.116 [main] INFO  [org.apache.catalina.core.StandardService:179] [,] - Starting service [Tomcat]
2019-05-15 19:20:51.118 [main] INFO  [org.apache.catalina.core.StandardEngine:179] [,] - Starting Servlet Engine: Apache Tomcat/8.5.16
2019-05-15 19:20:51.351 [localhost-startStop-1] INFO  [org.apache.catalina.core.ContainerBase.[Tomcat].[localhost].[/]:179] [,] - Initializing Spring embedded WebApplicationContext
2019-05-15 19:20:51.351 [localhost-startStop-1] INFO  [org.springframework.web.context.ContextLoader:276] [,] - Root WebApplicationContext: initialization completed in 5747 ms
2019-05-15 19:20:54.549 [localhost-startStop-1] INFO  [org.springframework.boot.web.servlet.FilterRegistrationBean:258] [,] - Mapping filter: 'metricsFilter' to: [/*]
2019-05-15 19:20:54.550 [localhost-startStop-1] INFO  [org.springframework.boot.web.servlet.FilterRegistrationBean:258] [,] - Mapping filter: 'characterEncodingFilter' to: [/*]
2019-05-15 19:20:54.550 [localhost-startStop-1] INFO  [org.springframework.boot.web.servlet.FilterRegistrationBean:258] [,] - Mapping filter: 'traceFilter' to: [/*]
2019-05-15 19:20:54.550 [localhost-startStop-1] INFO  [org.springframework.boot.web.servlet.FilterRegistrationBean:258] [,] - Mapping filter: 'hiddenHttpMethodFilter' to: [/*]
2019-05-15 19:20:54.550 [localhost-startStop-1] INFO  [org.springframework.boot.web.servlet.FilterRegistrationBean:258] [,] - Mapping filter: 'httpPutFormContentFilter' to: [/*]
2019-05-15 19:20:54.550 [localhost-startStop-1] INFO  [org.springframework.boot.web.servlet.FilterRegistrationBean:258] [,] - Mapping filter: 'requestContextFilter' to: [/*]
2019-05-15 19:20:54.550 [localhost-startStop-1] INFO  [org.springframework.boot.web.servlet.FilterRegistrationBean:258] [,] - Mapping filter: 'webRequestLoggingFilter' to: [/*]
2019-05-15 19:20:54.550 [localhost-startStop-1] INFO  [org.springframework.boot.web.servlet.FilterRegistrationBean:258] [,] - Mapping filter: 'authorizedLogbookFilter' to: [/*]
2019-05-15 19:20:54.550 [localhost-startStop-1] INFO  [org.springframework.boot.web.servlet.FilterRegistrationBean:258] [,] - Mapping filter: 'applicationContextIdFilter' to: [/*]
2019-05-15 19:20:54.551 [localhost-startStop-1] INFO  [org.springframework.boot.web.servlet.ServletRegistrationBean:190] [,] - Mapping servlet: 'dispatcherServlet' to [/]
2019-05-15 19:20:54.851 [main] INFO  [org.springframework.context.annotation.AnnotationConfigApplicationContext:583] [,] - Refreshing org.springframework.context.annotation.AnnotationConfigApplicationContext@543d2ef3: startup date [Wed May 15 19:20:54 CST 2019]; parent: org.springframework.boot.context.embedded.AnnotationConfigEmbeddedWebApplicationContext@35a60674
2019-05-15 19:20:54.875 [main] INFO  [org.springframework.beans.factory.annotation.AutowiredAnnotationBeanPostProcessor:155] [,] - JSR-330 'javax.inject.Inject' annotation found and supported for autowiring
2019-05-15 19:20:54.991 [main] WARN  [org.springframework.context.annotation.AnnotationConfigApplicationContext:551] [,] - Exception encountered during context initialization - cancelling refresh attempt: org.springframework.beans.factory.UnsatisfiedDependencyException: Error creating bean with name 'org.springframework.boot.autoconfigure.web.WebMvcAutoConfiguration$EnableWebMvcConfiguration': Unsatisfied dependency expressed through method 'setConfigurers' parameter 0; nested exception is org.springframework.beans.factory.UnsatisfiedDependencyException: Error creating bean with name 'webMvcConf': Unsatisfied dependency expressed through field 'authInterceptor'; nested exception is org.springframework.beans.factory.UnsatisfiedDependencyException: Error creating bean with name 'authInterceptor': Unsatisfied dependency expressed through field 'restTemplate'; nested exception is org.springframework.beans.factory.NoSuchBeanDefinitionException: No qualifying bean of type 'org.springframework.web.client.RestTemplate' available: expected at least 1 bean which qualifies as autowire candidate. Dependency annotations: {@org.springframework.beans.factory.annotation.Autowired(required=true)}
2019-05-15 19:20:54.992 [main] WARN  [org.springframework.boot.context.embedded.AnnotationConfigEmbeddedWebApplicationContext:551] [,] - Exception encountered during context initialization - cancelling refresh attempt: org.springframework.beans.factory.UnsatisfiedDependencyException: Error creating bean with name 'agencyController': Unsatisfied dependency expressed through field 'agencyService'; nested exception is org.springframework.beans.factory.UnsatisfiedDependencyException: Error creating bean with name 'agencyService': Unsatisfied dependency expressed through field 'userClient'; nested exception is org.springframework.beans.factory.BeanCreationException: Error creating bean with name 'com.house.api.feignclient.UserClient': FactoryBean threw exception on object creation; nested exception is org.springframework.beans.factory.UnsatisfiedDependencyException: Error creating bean with name 'org.springframework.boot.autoconfigure.web.WebMvcAutoConfiguration$EnableWebMvcConfiguration': Unsatisfied dependency expressed through method 'setConfigurers' parameter 0; nested exception is org.springframework.beans.factory.UnsatisfiedDependencyException: Error creating bean with name 'webMvcConf': Unsatisfied dependency expressed through field 'authInterceptor'; nested exception is org.springframework.beans.factory.UnsatisfiedDependencyException: Error creating bean with name 'authInterceptor': Unsatisfied dependency expressed through field 'restTemplate'; nested exception is org.springframework.beans.factory.NoSuchBeanDefinitionException: No qualifying bean of type 'org.springframework.web.client.RestTemplate' available: expected at least 1 bean which qualifies as autowire candidate. Dependency annotations: {@org.springframework.beans.factory.annotation.Autowired(required=true)}
2019-05-15 19:20:55.215 [main] INFO  [org.apache.catalina.core.StandardService:179] [,] - Stopping service [Tomcat]
2019-05-15 19:20:55.246 [main] INFO  [org.springframework.boot.autoconfigure.logging.AutoConfigurationReportLoggingInitializer:101] [,] - 

Error starting ApplicationContext. To display the auto-configuration report re-run your application with 'debug' enabled.
2019-05-15 19:20:55.702 [main] ERROR [org.springframework.boot.diagnostics.LoggingFailureAnalysisReporter:42] [,] - 

***************************
APPLICATION FAILED TO START
***************************

Description:

Field restTemplate in com.house.api.inteceptor.AuthInterceptor required a bean of type 'org.springframework.web.client.RestTemplate' that could not be found.


Action:

Consider defining a bean of type 'org.springframework.web.client.RestTemplate' in your configuration.

2019-05-15 19:23:21.844 [main] INFO  [org.springframework.context.annotation.AnnotationConfigApplicationContext:583] [,] - Refreshing org.springframework.context.annotation.AnnotationConfigApplicationContext@70e3f36f: startup date [Wed May 15 19:23:21 CST 2019]; root of context hierarchy
2019-05-15 19:23:22.035 [background-preinit] INFO  [org.hibernate.validator.internal.util.Version:30] [,] - HV000001: Hibernate Validator 5.3.5.Final
2019-05-15 19:23:22.245 [main] INFO  [org.springframework.beans.factory.annotation.AutowiredAnnotationBeanPostProcessor:155] [,] - JSR-330 'javax.inject.Inject' annotation found and supported for autowiring
2019-05-15 19:23:22.312 [main] INFO  [org.springframework.context.support.PostProcessorRegistrationDelegate$BeanPostProcessorChecker:325] [,] - Bean 'configurationPropertiesRebinderAutoConfiguration' of type [org.springframework.cloud.autoconfigure.ConfigurationPropertiesRebinderAutoConfiguration$$EnhancerBySpringCGLIB$$6735cbe6] is not eligible for getting processed by all BeanPostProcessors (for example: not eligible for auto-proxying)
2019-05-15 19:23:23.251 [main] INFO  [com.house.api.ApiGatewayApplication:593] [,] - No active profile set, falling back to default profiles: default
2019-05-15 19:23:23.274 [main] INFO  [org.springframework.boot.context.embedded.AnnotationConfigEmbeddedWebApplicationContext:583] [,] - Refreshing org.springframework.boot.context.embedded.AnnotationConfigEmbeddedWebApplicationContext@f6de586: startup date [Wed May 15 19:23:23 CST 2019]; parent: org.springframework.context.annotation.AnnotationConfigApplicationContext@70e3f36f
2019-05-15 19:23:24.481 [main] INFO  [org.springframework.beans.factory.support.DefaultListableBeanFactory:828] [,] - Overriding bean definition for bean 'hystrixFeature' with a different definition: replacing [Root bean: class [null]; scope=; abstract=false; lazyInit=false; autowireMode=3; dependencyCheck=0; autowireCandidate=true; primary=false; factoryBeanName=org.springframework.cloud.netflix.hystrix.HystrixCircuitBreakerConfiguration$HystrixWebConfiguration; factoryMethodName=hystrixFeature; initMethodName=null; destroyMethodName=(inferred); defined in class path resource [org/springframework/cloud/netflix/hystrix/HystrixCircuitBreakerConfiguration$HystrixWebConfiguration.class]] with [Root bean: class [null]; scope=; abstract=false; lazyInit=false; autowireMode=3; dependencyCheck=0; autowireCandidate=true; primary=false; factoryBeanName=org.springframework.cloud.netflix.hystrix.HystrixCircuitBreakerConfiguration; factoryMethodName=hystrixFeature; initMethodName=null; destroyMethodName=(inferred); defined in class path resource [org/springframework/cloud/netflix/hystrix/HystrixCircuitBreakerConfiguration.class]]
2019-05-15 19:23:24.743 [main] INFO  [org.springframework.data.repository.config.RepositoryConfigurationDelegate:165] [,] - Multiple Spring Data modules found, entering strict repository configuration mode!
2019-05-15 19:23:25.018 [main] INFO  [com.ctrip.framework.foundation.internals.provider.DefaultApplicationProvider:85] [,] - App ID is set to api-getway by app.id property from System Property
2019-05-15 19:23:25.022 [main] INFO  [com.ctrip.framework.foundation.internals.provider.DefaultServerProvider:34] [,] - Loading C:\opt\settings\server.properties
2019-05-15 19:23:25.025 [main] INFO  [com.ctrip.framework.foundation.internals.provider.DefaultServerProvider:124] [,] - Environment is set to [DEV] by property 'env' in server.properties.
2019-05-15 19:23:25.286 [main] INFO  [org.springframework.cloud.context.scope.GenericScope:263] [,] - BeanFactory id=0548b756-0f2d-38e4-aa48-7d18003b6341
2019-05-15 19:23:25.356 [main] INFO  [com.ctrip.framework.apollo.internals.DefaultMetaServerProvider:42] [,] - Located meta services from apollo.meta configuration: http://localhost:8080/!
2019-05-15 19:23:25.360 [main] INFO  [com.ctrip.framework.apollo.core.MetaDomainConsts:93] [,] - Located meta server address http://localhost:8080/ for env DEV from com.ctrip.framework.apollo.internals.DefaultMetaServerProvider
2019-05-15 19:23:25.848 [main] INFO  [org.springframework.beans.factory.annotation.AutowiredAnnotationBeanPostProcessor:155] [,] - JSR-330 'javax.inject.Inject' annotation found and supported for autowiring
2019-05-15 19:23:25.920 [main] INFO  [org.springframework.context.support.PostProcessorRegistrationDelegate$BeanPostProcessorChecker:325] [,] - Bean 'com.house.api.feignclient.CommentClient' of type [org.springframework.cloud.netflix.feign.FeignClientFactoryBean] is not eligible for getting processed by all BeanPostProcessors (for example: not eligible for auto-proxying)
2019-05-15 19:23:25.921 [main] INFO  [org.springframework.context.support.PostProcessorRegistrationDelegate$BeanPostProcessorChecker:325] [,] - Bean 'com.house.api.feignclient.HouseClient' of type [org.springframework.cloud.netflix.feign.FeignClientFactoryBean] is not eligible for getting processed by all BeanPostProcessors (for example: not eligible for auto-proxying)
2019-05-15 19:23:25.923 [main] INFO  [org.springframework.context.support.PostProcessorRegistrationDelegate$BeanPostProcessorChecker:325] [,] - Bean 'com.house.api.feignclient.UserClient' of type [org.springframework.cloud.netflix.feign.FeignClientFactoryBean] is not eligible for getting processed by all BeanPostProcessors (for example: not eligible for auto-proxying)
2019-05-15 19:23:26.029 [main] INFO  [org.springframework.context.support.PostProcessorRegistrationDelegate$BeanPostProcessorChecker:325] [,] - Bean 'org.springframework.cloud.sleuth.instrument.async.AsyncDefaultAutoConfiguration$DefaultAsyncConfigurerSupport' of type [org.springframework.cloud.sleuth.instrument.async.AsyncDefaultAutoConfiguration$DefaultAsyncConfigurerSupport$$EnhancerBySpringCGLIB$$885d66ac] is not eligible for getting processed by all BeanPostProcessors (for example: not eligible for auto-proxying)
2019-05-15 19:23:26.136 [main] INFO  [org.springframework.context.support.PostProcessorRegistrationDelegate$BeanPostProcessorChecker:325] [,] - Bean 'org.springframework.cloud.autoconfigure.ConfigurationPropertiesRebinderAutoConfiguration' of type [org.springframework.cloud.autoconfigure.ConfigurationPropertiesRebinderAutoConfiguration$$EnhancerBySpringCGLIB$$6735cbe6] is not eligible for getting processed by all BeanPostProcessors (for example: not eligible for auto-proxying)
2019-05-15 19:23:26.495 [main] INFO  [org.springframework.context.support.PostProcessorRegistrationDelegate$BeanPostProcessorChecker:325] [,] - Bean 'org.springframework.cloud.sleuth.instrument.web.client.feign.TraceFeignClientAutoConfiguration$FeignBeanPostProcessorConfiguration' of type [org.springframework.cloud.sleuth.instrument.web.client.feign.TraceFeignClientAutoConfiguration$FeignBeanPostProcessorConfiguration$$EnhancerBySpringCGLIB$$8aada1af] is not eligible for getting processed by all BeanPostProcessors (for example: not eligible for auto-proxying)
2019-05-15 19:23:26.535 [main] INFO  [org.springframework.context.support.PostProcessorRegistrationDelegate$BeanPostProcessorChecker:325] [,] - Bean 'org.springframework.cloud.sleuth.instrument.async.AsyncDefaultAutoConfiguration' of type [org.springframework.cloud.sleuth.instrument.async.AsyncDefaultAutoConfiguration$$EnhancerBySpringCGLIB$$32ff7508] is not eligible for getting processed by all BeanPostProcessors (for example: not eligible for auto-proxying)
2019-05-15 19:23:27.480 [main] INFO  [org.springframework.boot.context.embedded.tomcat.TomcatEmbeddedServletContainer:89] [,] - Tomcat initialized with port(s): 8086 (http)
2019-05-15 19:23:27.494 [main] INFO  [org.apache.catalina.core.StandardService:179] [,] - Starting service [Tomcat]
2019-05-15 19:23:27.495 [main] INFO  [org.apache.catalina.core.StandardEngine:179] [,] - Starting Servlet Engine: Apache Tomcat/8.5.16
2019-05-15 19:23:27.713 [localhost-startStop-1] INFO  [org.apache.catalina.core.ContainerBase.[Tomcat].[localhost].[/]:179] [,] - Initializing Spring embedded WebApplicationContext
2019-05-15 19:23:27.713 [localhost-startStop-1] INFO  [org.springframework.web.context.ContextLoader:276] [,] - Root WebApplicationContext: initialization completed in 4439 ms
2019-05-15 19:23:30.592 [localhost-startStop-1] INFO  [org.springframework.boot.web.servlet.FilterRegistrationBean:258] [,] - Mapping filter: 'metricsFilter' to: [/*]
2019-05-15 19:23:30.593 [localhost-startStop-1] INFO  [org.springframework.boot.web.servlet.FilterRegistrationBean:258] [,] - Mapping filter: 'characterEncodingFilter' to: [/*]
2019-05-15 19:23:30.593 [localhost-startStop-1] INFO  [org.springframework.boot.web.servlet.FilterRegistrationBean:258] [,] - Mapping filter: 'traceFilter' to: [/*]
2019-05-15 19:23:30.593 [localhost-startStop-1] INFO  [org.springframework.boot.web.servlet.FilterRegistrationBean:258] [,] - Mapping filter: 'hiddenHttpMethodFilter' to: [/*]
2019-05-15 19:23:30.593 [localhost-startStop-1] INFO  [org.springframework.boot.web.servlet.FilterRegistrationBean:258] [,] - Mapping filter: 'httpPutFormContentFilter' to: [/*]
2019-05-15 19:23:30.594 [localhost-startStop-1] INFO  [org.springframework.boot.web.servlet.FilterRegistrationBean:258] [,] - Mapping filter: 'requestContextFilter' to: [/*]
2019-05-15 19:23:30.594 [localhost-startStop-1] INFO  [org.springframework.boot.web.servlet.FilterRegistrationBean:258] [,] - Mapping filter: 'webRequestLoggingFilter' to: [/*]
2019-05-15 19:23:30.594 [localhost-startStop-1] INFO  [org.springframework.boot.web.servlet.FilterRegistrationBean:258] [,] - Mapping filter: 'authorizedLogbookFilter' to: [/*]
2019-05-15 19:23:30.594 [localhost-startStop-1] INFO  [org.springframework.boot.web.servlet.FilterRegistrationBean:258] [,] - Mapping filter: 'applicationContextIdFilter' to: [/*]
2019-05-15 19:23:30.594 [localhost-startStop-1] INFO  [org.springframework.boot.web.servlet.ServletRegistrationBean:190] [,] - Mapping servlet: 'dispatcherServlet' to [/]
2019-05-15 19:23:30.903 [main] INFO  [org.springframework.context.annotation.AnnotationConfigApplicationContext:583] [,] - Refreshing org.springframework.context.annotation.AnnotationConfigApplicationContext@762cdf46: startup date [Wed May 15 19:23:30 CST 2019]; parent: org.springframework.boot.context.embedded.AnnotationConfigEmbeddedWebApplicationContext@f6de586
2019-05-15 19:23:30.922 [main] INFO  [org.springframework.beans.factory.annotation.AutowiredAnnotationBeanPostProcessor:155] [,] - JSR-330 'javax.inject.Inject' annotation found and supported for autowiring
2019-05-15 19:23:31.797 [main] INFO  [org.springframework.context.annotation.AnnotationConfigApplicationContext:583] [,] - Refreshing org.springframework.context.annotation.AnnotationConfigApplicationContext@5ccc971e: startup date [Wed May 15 19:23:31 CST 2019]; parent: org.springframework.boot.context.embedded.AnnotationConfigEmbeddedWebApplicationContext@f6de586
2019-05-15 19:23:31.815 [main] INFO  [org.springframework.beans.factory.annotation.AutowiredAnnotationBeanPostProcessor:155] [,] - JSR-330 'javax.inject.Inject' annotation found and supported for autowiring
2019-05-15 19:23:32.123 [main] INFO  [org.springframework.context.annotation.AnnotationConfigApplicationContext:583] [,] - Refreshing org.springframework.context.annotation.AnnotationConfigApplicationContext@5d67b2b3: startup date [Wed May 15 19:23:32 CST 2019]; parent: org.springframework.boot.context.embedded.AnnotationConfigEmbeddedWebApplicationContext@f6de586
2019-05-15 19:23:32.145 [main] INFO  [org.springframework.beans.factory.annotation.AutowiredAnnotationBeanPostProcessor:155] [,] - JSR-330 'javax.inject.Inject' annotation found and supported for autowiring
2019-05-15 19:23:33.667 [main] WARN  [com.netflix.config.sources.URLConfigurationSource:121] [,] - No URLs will be polled as dynamic configuration sources.
2019-05-15 19:23:33.667 [main] INFO  [com.netflix.config.sources.URLConfigurationSource:122] [,] - To enable URLs as dynamic configuration sources, define System property archaius.configurationSource.additionalUrls or make config.properties available on classpath.
2019-05-15 19:23:33.675 [main] INFO  [com.netflix.config.DynamicPropertyFactory:281] [,] - DynamicPropertyFactory is initialized with configuration sources: com.netflix.config.ConcurrentCompositeConfiguration@38f569d
2019-05-15 19:23:34.301 [main] INFO  [org.springframework.web.servlet.mvc.method.annotation.RequestMappingHandlerAdapter:534] [,] - Looking for @ControllerAdvice: org.springframework.boot.context.embedded.AnnotationConfigEmbeddedWebApplicationContext@f6de586: startup date [Wed May 15 19:23:23 CST 2019]; parent: org.springframework.context.annotation.AnnotationConfigApplicationContext@70e3f36f
2019-05-15 19:23:34.570 [main] INFO  [org.springframework.web.servlet.mvc.method.annotation.RequestMappingHandlerMapping:543] [,] - Mapped "{[/agency/create]}" onto public java.lang.String com.house.api.controller.AgencyController.agencyCreate()
2019-05-15 19:23:34.573 [main] INFO  [org.springframework.web.servlet.mvc.method.annotation.RequestMappingHandlerMapping:543] [,] - Mapped "{[/agency/submit]}" onto public java.lang.String com.house.api.controller.AgencyController.agencySubmit(com.house.api.model.Agency)
2019-05-15 19:23:34.573 [main] INFO  [org.springframework.web.servlet.mvc.method.annotation.RequestMappingHandlerMapping:543] [,] - Mapped "{[/agency/list]}" onto public java.lang.String com.house.api.controller.AgencyController.agencyList(org.springframework.ui.ModelMap)
2019-05-15 19:23:34.573 [main] INFO  [org.springframework.web.servlet.mvc.method.annotation.RequestMappingHandlerMapping:543] [,] - Mapped "{[/agency/agentList]}" onto public java.lang.String com.house.api.controller.AgencyController.agentList(java.lang.Integer,java.lang.Integer,org.springframework.ui.ModelMap)
2019-05-15 19:23:34.575 [main] INFO  [org.springframework.web.servlet.mvc.method.annotation.RequestMappingHandlerMapping:543] [,] - Mapped "{[/agency/agentDetail]}" onto public java.lang.String com.house.api.controller.AgencyController.agentDetail(java.lang.Long,org.springframework.ui.ModelMap)
2019-05-15 19:23:34.575 [main] INFO  [org.springframework.web.servlet.mvc.method.annotation.RequestMappingHandlerMapping:543] [,] - Mapped "{[/agency/agencyDetail]}" onto public java.lang.String com.house.api.controller.AgencyController.agencyDetail(java.lang.Integer,org.springframework.ui.ModelMap)
2019-05-15 19:23:34.575 [main] INFO  [org.springframework.web.servlet.mvc.method.annotation.RequestMappingHandlerMapping:543] [,] - Mapped "{[/agency/agentMsg]}" onto public java.lang.String com.house.api.controller.AgencyController.agentMsg(java.lang.Long,java.lang.String,java.lang.String,java.lang.String,org.springframework.ui.ModelMap)
2019-05-15 19:23:34.575 [main] INFO  [org.springframework.web.servlet.mvc.method.annotation.RequestMappingHandlerMapping:543] [,] - Mapped "{[/blog/list],methods=[POST || GET]}" onto public java.lang.String com.house.api.controller.BlogController.list(java.lang.Integer,java.lang.Integer,com.house.api.model.Blog,org.springframework.ui.ModelMap)
2019-05-15 19:23:34.576 [main] INFO  [org.springframework.web.servlet.mvc.method.annotation.RequestMappingHandlerMapping:543] [,] - Mapped "{[/blog/detail],methods=[POST || GET]}" onto public java.lang.String com.house.api.controller.BlogController.blogDetail(int,org.springframework.ui.ModelMap)
2019-05-15 19:23:34.576 [main] INFO  [org.springframework.web.servlet.mvc.method.annotation.RequestMappingHandlerMapping:543] [,] - Mapped "{[/comment/leaveBlogComment]}" onto public java.lang.String com.house.api.controller.CommentController.leaveBlogComment(java.lang.String,java.lang.Integer,org.springframework.ui.ModelMap)
2019-05-15 19:23:34.576 [main] INFO  [org.springframework.web.servlet.mvc.method.annotation.RequestMappingHandlerMapping:543] [,] - Mapped "{[/comment/leaveComment]}" onto public java.lang.String com.house.api.controller.CommentController.leaveComment(java.lang.String,java.lang.Long,org.springframework.ui.ModelMap)
2019-05-15 19:23:34.579 [main] INFO  [org.springframework.web.servlet.mvc.method.annotation.RequestMappingHandlerMapping:543] [,] - Mapped "{[/error/400]}" onto public java.lang.String com.house.api.controller.ErrorController.error400(javax.servlet.http.HttpServletRequest,org.springframework.ui.ModelMap)
2019-05-15 19:23:34.580 [main] INFO  [org.springframework.web.servlet.mvc.method.annotation.RequestMappingHandlerMapping:543] [,] - Mapped "{[/error/403]}" onto public java.lang.String com.house.api.controller.ErrorController.error403(javax.servlet.http.HttpServletRequest,org.springframework.ui.ModelMap)
2019-05-15 19:23:34.581 [main] INFO  [org.springframework.web.servlet.mvc.method.annotation.RequestMappingHandlerMapping:543] [,] - Mapped "{[/error/404]}" onto public java.lang.String com.house.api.controller.ErrorController.error404(javax.servlet.http.HttpServletRequest,org.springframework.ui.ModelMap)
2019-05-15 19:23:34.582 [main] INFO  [org.springframework.web.servlet.mvc.method.annotation.RequestMappingHandlerMapping:543] [,] - Mapped "{[]}" onto public java.lang.String com.house.api.controller.HomepageController.index(org.springframework.ui.ModelMap)
2019-05-15 19:23:34.582 [main] INFO  [org.springframework.web.servlet.mvc.method.annotation.RequestMappingHandlerMapping:543] [,] - Mapped "{[/index]}" onto public java.lang.String com.house.api.controller.HomepageController.accountsRegister(org.springframework.ui.ModelMap)
2019-05-15 19:23:34.585 [main] INFO  [org.springframework.web.servlet.mvc.method.annotation.RequestMappingHandlerMapping:543] [,] - Mapped "{[/house/toAdd],methods=[POST || GET]}" onto public java.lang.String com.house.api.controller.HouseController.toAdd(org.springframework.ui.ModelMap)
2019-05-15 19:23:34.586 [main] INFO  [org.springframework.web.servlet.mvc.method.annotation.RequestMappingHandlerMapping:543] [,] - Mapped "{[/house/list],methods=[POST || GET]}" onto public java.lang.String com.house.api.controller.HouseController.houseList(java.lang.Integer,java.lang.Integer,com.house.api.model.House,org.springframework.ui.ModelMap)
2019-05-15 19:23:34.586 [main] INFO  [org.springframework.web.servlet.mvc.method.annotation.RequestMappingHandlerMapping:543] [,] - Mapped "{[/house/detail],methods=[POST || GET]}" onto public java.lang.String com.house.api.controller.HouseController.houseDetail(long,org.springframework.ui.ModelMap)
2019-05-15 19:23:34.586 [main] INFO  [org.springframework.web.servlet.mvc.method.annotation.RequestMappingHandlerMapping:543] [,] - Mapped "{[/house/navigation],methods=[POST || GET]}" onto public java.lang.String com.house.api.controller.HouseController.houseNavigation(long,org.springframework.ui.ModelMap)
2019-05-15 19:23:34.586 [main] INFO  [org.springframework.web.servlet.mvc.method.annotation.RequestMappingHandlerMapping:543] [,] - Mapped "{[/house/leaveMsg],methods=[POST || GET]}" onto public java.lang.String com.house.api.controller.HouseController.houseMsg(com.house.api.model.UserMsg)
2019-05-15 19:23:34.586 [main] INFO  [org.springframework.web.servlet.mvc.method.annotation.RequestMappingHandlerMapping:543] [,] - Mapped "{[/house/rating],methods=[POST || GET]}" onto public com.house.api.common.ResultMsg com.house.api.controller.HouseController.houseRate(java.lang.Double,java.lang.Long)
2019-05-15 19:23:34.587 [main] INFO  [org.springframework.web.servlet.mvc.method.annotation.RequestMappingHandlerMapping:543] [,] - Mapped "{[/house/add],methods=[POST || GET]}" onto public java.lang.String com.house.api.controller.HouseController.doAdd(com.house.api.model.House)
2019-05-15 19:23:34.587 [main] INFO  [org.springframework.web.servlet.mvc.method.annotation.RequestMappingHandlerMapping:543] [,] - Mapped "{[/house/ownlist],methods=[POST || GET]}" onto public java.lang.String com.house.api.controller.HouseController.ownlist(com.house.api.model.House,com.house.api.common.PageParams,org.springframework.ui.ModelMap)
2019-05-15 19:23:34.587 [main] INFO  [org.springframework.web.servlet.mvc.method.annotation.RequestMappingHandlerMapping:543] [,] - Mapped "{[/house/del],methods=[POST || GET]}" onto public java.lang.String com.house.api.controller.HouseController.delsale(java.lang.Long,java.lang.String)
2019-05-15 19:23:34.587 [main] INFO  [org.springframework.web.servlet.mvc.method.annotation.RequestMappingHandlerMapping:543] [,] - Mapped "{[/house/bookmarked],methods=[POST || GET]}" onto public java.lang.String com.house.api.controller.HouseController.bookmarked(com.house.api.model.House,com.house.api.common.PageParams,org.springframework.ui.ModelMap)
2019-05-15 19:23:34.587 [main] INFO  [org.springframework.web.servlet.mvc.method.annotation.RequestMappingHandlerMapping:543] [,] - Mapped "{[/house/bookmark],methods=[POST || GET]}" onto public com.house.api.common.ResultMsg com.house.api.controller.HouseController.bookmark(java.lang.Long)
2019-05-15 19:23:34.588 [main] INFO  [org.springframework.web.servlet.mvc.method.annotation.RequestMappingHandlerMapping:543] [,] - Mapped "{[/house/unbookmark],methods=[POST || GET]}" onto public com.house.api.common.ResultMsg com.house.api.controller.HouseController.unbookmark(java.lang.Long)
2019-05-15 19:23:34.589 [main] INFO  [org.springframework.web.servlet.mvc.method.annotation.RequestMappingHandlerMapping:543] [,] - Mapped "{[/accounts/profile],methods=[POST || GET]}" onto public java.lang.String com.house.api.controller.UserController.profile(org.springframework.ui.ModelMap)
2019-05-15 19:23:34.589 [main] INFO  [org.springframework.web.servlet.mvc.method.annotation.RequestMappingHandlerMapping:543] [,] - Mapped "{[/accounts/reset]}" onto public java.lang.String com.house.api.controller.UserController.reset(java.lang.String,org.springframework.ui.ModelMap)
2019-05-15 19:23:34.590 [main] INFO  [org.springframework.web.servlet.mvc.method.annotation.RequestMappingHandlerMapping:543] [,] - Mapped "{[/accounts/verify]}" onto public java.lang.String com.house.api.controller.UserController.verify(java.lang.String)
2019-05-15 19:23:34.591 [main] INFO  [org.springframework.web.servlet.mvc.method.annotation.RequestMappingHandlerMapping:543] [,] - Mapped "{[/accounts/signin],methods=[POST || GET]}" onto public java.lang.String com.house.api.controller.UserController.loginSubmit(javax.servlet.http.HttpServletRequest)
2019-05-15 19:23:34.591 [main] INFO  [org.springframework.web.servlet.mvc.method.annotation.RequestMappingHandlerMapping:543] [,] - Mapped "{[/accounts/register],methods=[POST || GET]}" onto public java.lang.String com.house.api.controller.UserController.accountsSubmit(com.house.api.model.User,org.springframework.ui.ModelMap)
2019-05-15 19:23:34.592 [main] INFO  [org.springframework.web.servlet.mvc.method.annotation.RequestMappingHandlerMapping:543] [,] - Mapped "{[/accounts/logout]}" onto public java.lang.String com.house.api.controller.UserController.logout(javax.servlet.http.HttpServletRequest)
2019-05-15 19:23:34.593 [main] INFO  [org.springframework.web.servlet.mvc.method.annotation.RequestMappingHandlerMapping:543] [,] - Mapped "{[/accounts/remember]}" onto public java.lang.String com.house.api.controller.UserController.remember(java.lang.String,org.springframework.ui.ModelMap)
2019-05-15 19:23:34.593 [main] INFO  [org.springframework.web.servlet.mvc.method.annotation.RequestMappingHandlerMapping:543] [,] - Mapped "{[/accounts/resetSubmit],methods=[POST || GET]}" onto public java.lang.String com.house.api.controller.UserController.resetSubmit(javax.servlet.http.HttpServletRequest,com.house.api.model.User)
2019-05-15 19:23:34.593 [main] INFO  [org.springframework.web.servlet.mvc.method.annotation.RequestMappingHandlerMapping:543] [,] - Mapped "{[/accounts/profileSubmit],methods=[POST || GET]}" onto public java.lang.String com.house.api.controller.UserController.profileSubmit(com.house.api.model.User)
2019-05-15 19:23:34.593 [main] INFO  [org.springframework.web.servlet.mvc.method.annotation.RequestMappingHandlerMapping:543] [,] - Mapped "{[/accounts/changePassword]}" onto public java.lang.String com.house.api.controller.UserController.changePassword(java.lang.String,java.lang.String,java.lang.String,java.lang.String)
2019-05-15 19:23:34.597 [main] INFO  [org.springframework.web.servlet.mvc.method.annotation.RequestMappingHandlerMapping:543] [,] - Mapped "{[/error]}" onto public org.springframework.http.ResponseEntity<java.util.Map<java.lang.String, java.lang.Object>> org.springframework.boot.autoconfigure.web.BasicErrorController.error(javax.servlet.http.HttpServletRequest)
2019-05-15 19:23:34.597 [main] INFO  [org.springframework.web.servlet.mvc.method.annotation.RequestMappingHandlerMapping:543] [,] - Mapped "{[/error],produces=[text/html]}" onto public org.springframework.web.servlet.ModelAndView org.springframework.boot.autoconfigure.web.BasicErrorController.errorHtml(javax.servlet.http.HttpServletRequest,javax.servlet.http.HttpServletResponse)
2019-05-15 19:23:34.851 [main] INFO  [org.springframework.web.servlet.handler.SimpleUrlHandlerMapping:362] [,] - Mapped URL path [/webjars/**] onto handler of type [class org.springframework.web.servlet.resource.ResourceHttpRequestHandler]
2019-05-15 19:23:34.851 [main] INFO  [org.springframework.web.servlet.handler.SimpleUrlHandlerMapping:362] [,] - Mapped URL path [/**] onto handler of type [class org.springframework.web.servlet.resource.ResourceHttpRequestHandler]
2019-05-15 19:23:34.918 [main] INFO  [org.springframework.web.servlet.mvc.method.annotation.ExceptionHandlerExceptionResolver:273] [,] - Detected @ExceptionHandler methods in errorController
2019-05-15 19:23:35.041 [main] INFO  [org.springframework.web.servlet.handler.SimpleUrlHandlerMapping:362] [,] - Mapped URL path [/**/favicon.ico] onto handler of type [class org.springframework.web.servlet.resource.ResourceHttpRequestHandler]
2019-05-15 19:23:37.280 [main] INFO  [org.springframework.boot.actuate.endpoint.mvc.EndpointHandlerMapping:543] [,] - Mapped "{[/mappings || /mappings.json],methods=[GET],produces=[application/vnd.spring-boot.actuator.v1+json || application/json]}" onto public java.lang.Object org.springframework.boot.actuate.endpoint.mvc.EndpointMvcAdapter.invoke()
2019-05-15 19:23:37.281 [main] INFO  [org.springframework.boot.actuate.endpoint.mvc.EndpointHandlerMapping:543] [,] - Mapped "{[/info || /info.json],methods=[GET],produces=[application/vnd.spring-boot.actuator.v1+json || application/json]}" onto public java.lang.Object org.springframework.boot.actuate.endpoint.mvc.EndpointMvcAdapter.invoke()
2019-05-15 19:23:37.281 [main] INFO  [org.springframework.boot.actuate.endpoint.mvc.EndpointHandlerMapping:543] [,] - Mapped "{[/pause || /pause.json],methods=[POST]}" onto public java.lang.Object org.springframework.cloud.endpoint.GenericPostableMvcEndpoint.invoke()
2019-05-15 19:23:37.282 [main] INFO  [org.springframework.boot.actuate.endpoint.mvc.EndpointHandlerMapping:543] [,] - Mapped "{[/trace || /trace.json],methods=[GET],produces=[application/vnd.spring-boot.actuator.v1+json || application/json]}" onto public java.lang.Object org.springframework.boot.actuate.endpoint.mvc.EndpointMvcAdapter.invoke()
2019-05-15 19:23:37.282 [main] INFO  [org.springframework.boot.actuate.endpoint.mvc.EndpointHandlerMapping:543] [,] - Mapped "{[/archaius || /archaius.json],methods=[GET],produces=[application/vnd.spring-boot.actuator.v1+json || application/json]}" onto public java.lang.Object org.springframework.boot.actuate.endpoint.mvc.EndpointMvcAdapter.invoke()
2019-05-15 19:23:37.284 [main] INFO  [org.springframework.boot.actuate.endpoint.mvc.EndpointHandlerMapping:543] [,] - Mapped "{[/configprops || /configprops.json],methods=[GET],produces=[application/vnd.spring-boot.actuator.v1+json || application/json]}" onto public java.lang.Object org.springframework.boot.actuate.endpoint.mvc.EndpointMvcAdapter.invoke()
2019-05-15 19:23:37.287 [main] INFO  [org.springframework.boot.actuate.endpoint.mvc.EndpointHandlerMapping:543] [,] - Mapped "{[/beans || /beans.json],methods=[GET],produces=[application/vnd.spring-boot.actuator.v1+json || application/json]}" onto public java.lang.Object org.springframework.boot.actuate.endpoint.mvc.EndpointMvcAdapter.invoke()
2019-05-15 19:23:37.287 [main] INFO  [org.springframework.boot.actuate.endpoint.mvc.EndpointHandlerMapping:543] [,] - Mapped "{[/resume || /resume.json],methods=[POST]}" onto public java.lang.Object org.springframework.cloud.endpoint.GenericPostableMvcEndpoint.invoke()
2019-05-15 19:23:37.288 [main] INFO  [org.springframework.boot.actuate.endpoint.mvc.EndpointHandlerMapping:543] [,] - Mapped "{[/restart || /restart.json],methods=[POST]}" onto public java.lang.Object org.springframework.cloud.context.restart.RestartMvcEndpoint.invoke()
2019-05-15 19:23:37.289 [main] INFO  [org.springframework.boot.actuate.endpoint.mvc.EndpointHandlerMapping:543] [,] - Mapped "{[/metrics/{name:.*}],methods=[GET],produces=[application/vnd.spring-boot.actuator.v1+json || application/json]}" onto public java.lang.Object org.springframework.boot.actuate.endpoint.mvc.MetricsMvcEndpoint.value(java.lang.String)
2019-05-15 19:23:37.289 [main] INFO  [org.springframework.boot.actuate.endpoint.mvc.EndpointHandlerMapping:543] [,] - Mapped "{[/metrics || /metrics.json],methods=[GET],produces=[application/vnd.spring-boot.actuator.v1+json || application/json]}" onto public java.lang.Object org.springframework.boot.actuate.endpoint.mvc.EndpointMvcAdapter.invoke()
2019-05-15 19:23:37.292 [main] INFO  [org.springframework.boot.actuate.endpoint.mvc.EndpointHandlerMapping:543] [,] - Mapped "{[/loggers/{name:.*}],methods=[GET],produces=[application/vnd.spring-boot.actuator.v1+json || application/json]}" onto public java.lang.Object org.springframework.boot.actuate.endpoint.mvc.LoggersMvcEndpoint.get(java.lang.String)
2019-05-15 19:23:37.292 [main] INFO  [org.springframework.boot.actuate.endpoint.mvc.EndpointHandlerMapping:543] [,] - Mapped "{[/loggers/{name:.*}],methods=[POST],consumes=[application/vnd.spring-boot.actuator.v1+json || application/json],produces=[application/vnd.spring-boot.actuator.v1+json || application/json]}" onto public java.lang.Object org.springframework.boot.actuate.endpoint.mvc.LoggersMvcEndpoint.set(java.lang.String,java.util.Map<java.lang.String, java.lang.String>)
2019-05-15 19:23:37.292 [main] INFO  [org.springframework.boot.actuate.endpoint.mvc.EndpointHandlerMapping:543] [,] - Mapped "{[/loggers || /loggers.json],methods=[GET],produces=[application/vnd.spring-boot.actuator.v1+json || application/json]}" onto public java.lang.Object org.springframework.boot.actuate.endpoint.mvc.EndpointMvcAdapter.invoke()
2019-05-15 19:23:37.295 [main] INFO  [org.springframework.boot.actuate.endpoint.mvc.EndpointHandlerMapping:543] [,] - Mapped "{[/auditevents || /auditevents.json],methods=[GET],produces=[application/vnd.spring-boot.actuator.v1+json || application/json]}" onto public org.springframework.http.ResponseEntity<?> org.springframework.boot.actuate.endpoint.mvc.AuditEventsMvcEndpoint.findByPrincipalAndAfterAndType(java.lang.String,java.util.Date,java.lang.String)
2019-05-15 19:23:37.298 [main] INFO  [org.springframework.boot.actuate.endpoint.mvc.EndpointHandlerMapping:543] [,] - Mapped "{[/autoconfig || /autoconfig.json],methods=[GET],produces=[application/vnd.spring-boot.actuator.v1+json || application/json]}" onto public java.lang.Object org.springframework.boot.actuate.endpoint.mvc.EndpointMvcAdapter.invoke()
2019-05-15 19:23:37.298 [main] INFO  [org.springframework.boot.actuate.endpoint.mvc.EndpointHandlerMapping:543] [,] - Mapped "{[/hystrix.stream/**]}" onto public org.springframework.web.servlet.ModelAndView org.springframework.cloud.netflix.endpoint.ServletWrappingEndpoint.handle(javax.servlet.http.HttpServletRequest,javax.servlet.http.HttpServletResponse) throws java.lang.Exception
2019-05-15 19:23:37.299 [main] INFO  [org.springframework.boot.actuate.endpoint.mvc.EndpointHandlerMapping:543] [,] - Mapped "{[/heapdump || /heapdump.json],methods=[GET],produces=[application/octet-stream]}" onto public void org.springframework.boot.actuate.endpoint.mvc.HeapdumpMvcEndpoint.invoke(boolean,javax.servlet.http.HttpServletRequest,javax.servlet.http.HttpServletResponse) throws java.io.IOException,javax.servlet.ServletException
2019-05-15 19:23:37.299 [main] INFO  [org.springframework.boot.actuate.endpoint.mvc.EndpointHandlerMapping:543] [,] - Mapped "{[/env],methods=[POST]}" onto public java.lang.Object org.springframework.cloud.context.environment.EnvironmentManagerMvcEndpoint.value(java.util.Map<java.lang.String, java.lang.String>)
2019-05-15 19:23:37.299 [main] INFO  [org.springframework.boot.actuate.endpoint.mvc.EndpointHandlerMapping:543] [,] - Mapped "{[/env/reset],methods=[POST]}" onto public java.util.Map<java.lang.String, java.lang.Object> org.springframework.cloud.context.environment.EnvironmentManagerMvcEndpoint.reset()
2019-05-15 19:23:37.300 [main] INFO  [org.springframework.boot.actuate.endpoint.mvc.EndpointHandlerMapping:543] [,] - Mapped "{[/features || /features.json],methods=[GET],produces=[application/vnd.spring-boot.actuator.v1+json || application/json]}" onto public java.lang.Object org.springframework.boot.actuate.endpoint.mvc.EndpointMvcAdapter.invoke()
2019-05-15 19:23:37.301 [main] INFO  [org.springframework.boot.actuate.endpoint.mvc.EndpointHandlerMapping:543] [,] - Mapped "{[/dump || /dump.json],methods=[GET],produces=[application/vnd.spring-boot.actuator.v1+json || application/json]}" onto public java.lang.Object org.springframework.boot.actuate.endpoint.mvc.EndpointMvcAdapter.invoke()
2019-05-15 19:23:37.302 [main] INFO  [org.springframework.boot.actuate.endpoint.mvc.EndpointHandlerMapping:543] [,] - Mapped "{[/health || /health.json],methods=[GET],produces=[application/vnd.spring-boot.actuator.v1+json || application/json]}" onto public java.lang.Object org.springframework.boot.actuate.endpoint.mvc.HealthMvcEndpoint.invoke(javax.servlet.http.HttpServletRequest,java.security.Principal)
2019-05-15 19:23:37.302 [main] INFO  [org.springframework.boot.actuate.endpoint.mvc.EndpointHandlerMapping:543] [,] - Mapped "{[/refresh || /refresh.json],methods=[POST]}" onto public java.lang.Object org.springframework.cloud.endpoint.GenericPostableMvcEndpoint.invoke()
2019-05-15 19:23:37.303 [main] INFO  [org.springframework.boot.actuate.endpoint.mvc.EndpointHandlerMapping:543] [,] - Mapped "{[/env/{name:.*}],methods=[GET],produces=[application/vnd.spring-boot.actuator.v1+json || application/json]}" onto public java.lang.Object org.springframework.boot.actuate.endpoint.mvc.EnvironmentMvcEndpoint.value(java.lang.String)
2019-05-15 19:23:37.304 [main] INFO  [org.springframework.boot.actuate.endpoint.mvc.EndpointHandlerMapping:543] [,] - Mapped "{[/env || /env.json],methods=[GET],produces=[application/vnd.spring-boot.actuator.v1+json || application/json]}" onto public java.lang.Object org.springframework.boot.actuate.endpoint.mvc.EndpointMvcAdapter.invoke()
2019-05-15 19:23:37.946 [main] INFO  [org.springframework.web.servlet.view.freemarker.FreeMarkerConfigurer:127] [,] - ClassTemplateLoader for Spring macros added to FreeMarker configuration
2019-05-15 19:23:38.759 [main] WARN  [org.springframework.boot.starter.redis.RedisStarterDeprecationWarningAutoConfiguration:43] [,] - spring-boot-starter-redis is deprecated as of Spring Boot 1.4, please migrate to spring-boot-starter-data-redis
2019-05-15 19:23:38.897 [main] WARN  [com.netflix.config.sources.URLConfigurationSource:121] [,] - No URLs will be polled as dynamic configuration sources.
2019-05-15 19:23:38.897 [main] INFO  [com.netflix.config.sources.URLConfigurationSource:122] [,] - To enable URLs as dynamic configuration sources, define System property archaius.configurationSource.additionalUrls or make config.properties available on classpath.
2019-05-15 19:23:39.263 [main] INFO  [org.springframework.scheduling.concurrent.ThreadPoolTaskScheduler:165] [,] - Initializing ExecutorService 
2019-05-15 19:23:39.622 [main] INFO  [org.springframework.jmx.export.annotation.AnnotationMBeanExporter:431] [,] - Registering beans for JMX exposure on startup
2019-05-15 19:23:39.632 [main] INFO  [org.springframework.jmx.export.annotation.AnnotationMBeanExporter:916] [,] - Bean with name 'environmentManager' has been autodetected for JMX exposure
2019-05-15 19:23:39.635 [main] INFO  [org.springframework.jmx.export.annotation.AnnotationMBeanExporter:916] [,] - Bean with name 'configurationPropertiesRebinder' has been autodetected for JMX exposure
2019-05-15 19:23:39.636 [main] INFO  [org.springframework.jmx.export.annotation.AnnotationMBeanExporter:916] [,] - Bean with name 'refreshEndpoint' has been autodetected for JMX exposure
2019-05-15 19:23:39.637 [main] INFO  [org.springframework.jmx.export.annotation.AnnotationMBeanExporter:916] [,] - Bean with name 'restartEndpoint' has been autodetected for JMX exposure
2019-05-15 19:23:39.639 [main] INFO  [org.springframework.jmx.export.annotation.AnnotationMBeanExporter:916] [,] - Bean with name 'refreshScope' has been autodetected for JMX exposure
2019-05-15 19:23:39.641 [main] INFO  [org.springframework.jmx.export.annotation.AnnotationMBeanExporter:678] [,] - Located managed bean 'environmentManager': registering with JMX server as MBean [org.springframework.cloud.context.environment:name=environmentManager,type=EnvironmentManager]
2019-05-15 19:23:39.663 [main] INFO  [org.springframework.jmx.export.annotation.AnnotationMBeanExporter:678] [,] - Located managed bean 'restartEndpoint': registering with JMX server as MBean [org.springframework.cloud.context.restart:name=restartEndpoint,type=RestartEndpoint]
2019-05-15 19:23:39.685 [main] INFO  [org.springframework.jmx.export.annotation.AnnotationMBeanExporter:678] [,] - Located managed bean 'refreshScope': registering with JMX server as MBean [org.springframework.cloud.context.scope.refresh:name=refreshScope,type=RefreshScope]
2019-05-15 19:23:39.704 [main] INFO  [org.springframework.jmx.export.annotation.AnnotationMBeanExporter:678] [,] - Located managed bean 'configurationPropertiesRebinder': registering with JMX server as MBean [org.springframework.cloud.context.properties:name=configurationPropertiesRebinder,context=f6de586,type=ConfigurationPropertiesRebinder]
2019-05-15 19:23:39.716 [main] INFO  [org.springframework.jmx.export.annotation.AnnotationMBeanExporter:678] [,] - Located managed bean 'refreshEndpoint': registering with JMX server as MBean [org.springframework.cloud.endpoint:name=refreshEndpoint,type=RefreshEndpoint]
2019-05-15 19:23:39.717 [main] INFO  [org.springframework.boot.actuate.endpoint.jmx.EndpointMBeanExporter:431] [,] - Registering beans for JMX exposure on startup
2019-05-15 19:23:39.719 [main] INFO  [org.springframework.boot.context.embedded.AnnotationConfigEmbeddedWebApplicationContext:583] [,] - Refreshing org.springframework.boot.context.embedded.AnnotationConfigEmbeddedWebApplicationContext@6e236542: startup date [Wed May 15 19:23:39 CST 2019]; parent: org.springframework.boot.context.embedded.AnnotationConfigEmbeddedWebApplicationContext@f6de586
2019-05-15 19:23:39.788 [main] INFO  [org.springframework.beans.factory.support.DefaultListableBeanFactory:828] [,] - Overriding bean definition for bean 'handlerExceptionResolver' with a different definition: replacing [Root bean: class [null]; scope=; abstract=false; lazyInit=false; autowireMode=3; dependencyCheck=0; autowireCandidate=true; primary=false; factoryBeanName=org.springframework.web.servlet.config.annotation.DelegatingWebMvcConfiguration; factoryMethodName=handlerExceptionResolver; initMethodName=null; destroyMethodName=(inferred); defined in org.springframework.web.servlet.config.annotation.DelegatingWebMvcConfiguration] with [Root bean: class [null]; scope=; abstract=false; lazyInit=false; autowireMode=3; dependencyCheck=0; autowireCandidate=true; primary=false; factoryBeanName=endpointWebMvcChildContextConfiguration; factoryMethodName=compositeHandlerExceptionResolver; initMethodName=null; destroyMethodName=(inferred); defined in org.springframework.boot.actuate.autoconfigure.EndpointWebMvcChildContextConfiguration]
2019-05-15 19:23:39.815 [main] INFO  [org.springframework.beans.factory.annotation.AutowiredAnnotationBeanPostProcessor:155] [,] - JSR-330 'javax.inject.Inject' annotation found and supported for autowiring
2019-05-15 19:23:39.941 [main] INFO  [org.springframework.boot.context.embedded.tomcat.TomcatEmbeddedServletContainer:89] [,] - Tomcat initialized with port(s): 8023 (http)
2019-05-15 19:23:39.942 [main] INFO  [org.apache.catalina.core.StandardService:179] [,] - Starting service [Tomcat]
2019-05-15 19:23:39.942 [main] INFO  [org.apache.catalina.core.StandardEngine:179] [,] - Starting Servlet Engine: Apache Tomcat/8.5.16
2019-05-15 19:23:39.991 [localhost-startStop-1] INFO  [org.apache.catalina.core.ContainerBase.[Tomcat-1].[localhost].[/]:179] [,] - Initializing Spring embedded WebApplicationContext
2019-05-15 19:23:39.992 [localhost-startStop-1] INFO  [org.springframework.web.context.ContextLoader:276] [,] - Root WebApplicationContext: initialization completed in 273 ms
2019-05-15 19:23:40.013 [localhost-startStop-1] INFO  [org.springframework.boot.web.servlet.ServletRegistrationBean:190] [,] - Mapping servlet: 'dispatcherServlet' to [/]
2019-05-15 19:23:40.073 [main] INFO  [org.springframework.web.servlet.mvc.method.annotation.RequestMappingHandlerMapping:543] [,] - Mapped "{[/error]}" onto public java.util.Map<java.lang.String, java.lang.Object> org.springframework.boot.actuate.endpoint.mvc.ManagementErrorEndpoint.invoke()
2019-05-15 19:23:40.081 [main] INFO  [org.springframework.web.servlet.handler.SimpleUrlHandlerMapping:362] [,] - Mapped URL path [/webjars/**] onto handler of type [class org.springframework.web.servlet.resource.ResourceHttpRequestHandler]
2019-05-15 19:23:40.081 [main] INFO  [org.springframework.web.servlet.handler.SimpleUrlHandlerMapping:362] [,] - Mapped URL path [/**] onto handler of type [class org.springframework.web.servlet.resource.ResourceHttpRequestHandler]
2019-05-15 19:23:40.101 [main] INFO  [org.springframework.web.servlet.mvc.method.annotation.RequestMappingHandlerAdapter:534] [,] - Looking for @ControllerAdvice: org.springframework.boot.context.embedded.AnnotationConfigEmbeddedWebApplicationContext@6e236542: startup date [Wed May 15 19:23:39 CST 2019]; parent: org.springframework.boot.context.embedded.AnnotationConfigEmbeddedWebApplicationContext@f6de586
2019-05-15 19:23:40.231 [main] INFO  [org.apache.coyote.http11.Http11NioProtocol:179] [,] - Initializing ProtocolHandler ["http-nio-8023"]
2019-05-15 19:23:40.241 [main] INFO  [org.apache.coyote.http11.Http11NioProtocol:179] [,] - Starting ProtocolHandler ["http-nio-8023"]
2019-05-15 19:23:40.261 [main] INFO  [org.apache.tomcat.util.net.NioSelectorPool:179] [,] - Using a shared selector for servlet write/read
2019-05-15 19:23:40.317 [main] INFO  [org.springframework.boot.context.embedded.tomcat.TomcatEmbeddedServletContainer:201] [,] - Tomcat started on port(s): 8023 (http)
2019-05-15 19:23:40.318 [main] INFO  [org.springframework.cloud.netflix.eureka.EurekaDiscoveryClientConfiguration:168] [,] - Updating port to 8023
2019-05-15 19:23:40.327 [main] INFO  [org.springframework.cloud.netflix.eureka.InstanceInfoFactory:70] [,] - Setting initial instance status as: STARTING
2019-05-15 19:23:40.507 [main] INFO  [com.netflix.discovery.provider.DiscoveryJerseyProvider:70] [,] - Using JSON encoding codec LegacyJacksonJson
2019-05-15 19:23:40.508 [main] INFO  [com.netflix.discovery.provider.DiscoveryJerseyProvider:71] [,] - Using JSON decoding codec LegacyJacksonJson
2019-05-15 19:23:40.739 [main] INFO  [com.netflix.discovery.provider.DiscoveryJerseyProvider:80] [,] - Using XML encoding codec XStreamXml
2019-05-15 19:23:40.739 [main] INFO  [com.netflix.discovery.provider.DiscoveryJerseyProvider:81] [,] - Using XML decoding codec XStreamXml
2019-05-15 19:23:41.064 [main] INFO  [com.netflix.discovery.shared.resolver.aws.ConfigClusterResolver:43] [,] - Resolving eureka endpoints via configuration
2019-05-15 19:23:41.266 [main] INFO  [com.netflix.discovery.DiscoveryClient:937] [,] - Disable delta property : false
2019-05-15 19:23:41.266 [main] INFO  [com.netflix.discovery.DiscoveryClient:938] [,] - Single vip registry refresh property : null
2019-05-15 19:23:41.266 [main] INFO  [com.netflix.discovery.DiscoveryClient:939] [,] - Force full registry fetch : false
2019-05-15 19:23:41.266 [main] INFO  [com.netflix.discovery.DiscoveryClient:940] [,] - Application is null : false
2019-05-15 19:23:41.266 [main] INFO  [com.netflix.discovery.DiscoveryClient:941] [,] - Registered Applications size is zero : true
2019-05-15 19:23:41.267 [main] INFO  [com.netflix.discovery.DiscoveryClient:943] [,] - Application version is -1: true
2019-05-15 19:23:41.267 [main] INFO  [com.netflix.discovery.DiscoveryClient:1026] [,] - Getting all instance registry info from the eureka server
2019-05-15 19:23:41.724 [main] INFO  [com.netflix.discovery.DiscoveryClient:1035] [,] - The response status is 200
2019-05-15 19:23:41.727 [main] INFO  [com.netflix.discovery.DiscoveryClient:1261] [,] - Starting heartbeat executor: renew interval is: 5
2019-05-15 19:23:41.730 [main] INFO  [com.netflix.discovery.InstanceInfoReplicator:59] [,] - InstanceInfoReplicator onDemand update allowed rate per min is 4
2019-05-15 19:23:41.736 [main] INFO  [com.netflix.discovery.DiscoveryClient:461] [,] - Discovery Client initialized at timestamp 1557919421736 with initial instances count: 2
2019-05-15 19:23:41.905 [main] INFO  [org.springframework.cloud.netflix.eureka.EurekaDiscoveryClientConfiguration:100] [,] - Registering application api-gateway with eureka with status UP
2019-05-15 19:23:41.907 [main] INFO  [com.netflix.discovery.DiscoveryClient:1296] [,] - Saw local status change event StatusChangeEvent [timestamp=1557919421907, current=UP, previous=STARTING]
2019-05-15 19:23:41.909 [DiscoveryClient-InstanceInfoReplicator-0] INFO  [com.netflix.discovery.DiscoveryClient:812] [,] - DiscoveryClient_API-GATEWAY/CN-20161109PICT:api-gateway:8086: registering service...
2019-05-15 19:23:42.099 [DiscoveryClient-InstanceInfoReplicator-0] INFO  [com.netflix.discovery.DiscoveryClient:821] [,] - DiscoveryClient_API-GATEWAY/CN-20161109PICT:api-gateway:8086 - registration status: 204
2019-05-15 19:23:42.604 [main] INFO  [org.springframework.context.support.DefaultLifecycleProcessor:343] [,] - Starting beans in phase 0
2019-05-15 19:23:42.606 [main] INFO  [org.springframework.boot.actuate.endpoint.jmx.EndpointMBeanExporter:678] [,] - Located managed bean 'auditEventsEndpoint': registering with JMX server as MBean [org.springframework.boot:type=Endpoint,name=auditEventsEndpoint]
2019-05-15 19:23:42.614 [main] INFO  [org.springframework.boot.actuate.endpoint.jmx.EndpointMBeanExporter:678] [,] - Located managed bean 'featuresEndpoint': registering with JMX server as MBean [org.springframework.boot:type=Endpoint,name=featuresEndpoint]
2019-05-15 19:23:42.627 [main] INFO  [org.springframework.boot.actuate.endpoint.jmx.EndpointMBeanExporter:678] [,] - Located managed bean 'requestMappingEndpoint': registering with JMX server as MBean [org.springframework.boot:type=Endpoint,name=requestMappingEndpoint]
2019-05-15 19:23:42.629 [main] INFO  [org.springframework.boot.actuate.endpoint.jmx.EndpointMBeanExporter:678] [,] - Located managed bean 'environmentEndpoint': registering with JMX server as MBean [org.springframework.boot:type=Endpoint,name=environmentEndpoint]
2019-05-15 19:23:42.631 [main] INFO  [org.springframework.boot.actuate.endpoint.jmx.EndpointMBeanExporter:678] [,] - Located managed bean 'healthEndpoint': registering with JMX server as MBean [org.springframework.boot:type=Endpoint,name=healthEndpoint]
2019-05-15 19:23:42.634 [main] INFO  [org.springframework.boot.actuate.endpoint.jmx.EndpointMBeanExporter:678] [,] - Located managed bean 'beansEndpoint': registering with JMX server as MBean [org.springframework.boot:type=Endpoint,name=beansEndpoint]
2019-05-15 19:23:42.637 [main] INFO  [org.springframework.boot.actuate.endpoint.jmx.EndpointMBeanExporter:678] [,] - Located managed bean 'infoEndpoint': registering with JMX server as MBean [org.springframework.boot:type=Endpoint,name=infoEndpoint]
2019-05-15 19:23:42.642 [main] INFO  [org.springframework.boot.actuate.endpoint.jmx.EndpointMBeanExporter:678] [,] - Located managed bean 'loggersEndpoint': registering with JMX server as MBean [org.springframework.boot:type=Endpoint,name=loggersEndpoint]
2019-05-15 19:23:42.647 [main] INFO  [org.springframework.boot.actuate.endpoint.jmx.EndpointMBeanExporter:678] [,] - Located managed bean 'metricsEndpoint': registering with JMX server as MBean [org.springframework.boot:type=Endpoint,name=metricsEndpoint]
2019-05-15 19:23:42.651 [main] INFO  [org.springframework.boot.actuate.endpoint.jmx.EndpointMBeanExporter:678] [,] - Located managed bean 'traceEndpoint': registering with JMX server as MBean [org.springframework.boot:type=Endpoint,name=traceEndpoint]
2019-05-15 19:23:42.654 [main] INFO  [org.springframework.boot.actuate.endpoint.jmx.EndpointMBeanExporter:678] [,] - Located managed bean 'dumpEndpoint': registering with JMX server as MBean [org.springframework.boot:type=Endpoint,name=dumpEndpoint]
2019-05-15 19:23:42.657 [main] INFO  [org.springframework.boot.actuate.endpoint.jmx.EndpointMBeanExporter:678] [,] - Located managed bean 'autoConfigurationReportEndpoint': registering with JMX server as MBean [org.springframework.boot:type=Endpoint,name=autoConfigurationReportEndpoint]
2019-05-15 19:23:42.659 [main] INFO  [org.springframework.boot.actuate.endpoint.jmx.EndpointMBeanExporter:678] [,] - Located managed bean 'configurationPropertiesReportEndpoint': registering with JMX server as MBean [org.springframework.boot:type=Endpoint,name=configurationPropertiesReportEndpoint]
2019-05-15 19:23:42.662 [main] INFO  [org.springframework.boot.actuate.endpoint.jmx.EndpointMBeanExporter:678] [,] - Located managed bean 'archaiusEndpoint': registering with JMX server as MBean [org.springframework.boot:type=Endpoint,name=archaiusEndpoint]
2019-05-15 19:23:42.664 [main] INFO  [org.springframework.context.support.DefaultLifecycleProcessor:343] [,] - Starting beans in phase 2147483647
2019-05-15 19:23:42.668 [main] INFO  [org.springframework.cloud.netflix.hystrix.HystrixCircuitBreakerConfiguration$HystrixMetricsPollerConfiguration:138] [,] - Starting poller
2019-05-15 19:23:42.684 [main] INFO  [org.apache.coyote.http11.Http11NioProtocol:179] [,] - Initializing ProtocolHandler ["http-nio-8086"]
2019-05-15 19:23:42.685 [main] INFO  [org.apache.coyote.http11.Http11NioProtocol:179] [,] - Starting ProtocolHandler ["http-nio-8086"]
2019-05-15 19:23:42.686 [main] INFO  [org.apache.tomcat.util.net.NioSelectorPool:179] [,] - Using a shared selector for servlet write/read
2019-05-15 19:23:42.693 [main] INFO  [org.springframework.boot.context.embedded.tomcat.TomcatEmbeddedServletContainer:201] [,] - Tomcat started on port(s): 8086 (http)
2019-05-15 19:23:42.704 [main] INFO  [com.house.api.ApiGatewayApplication:57] [,] - Started ApiGatewayApplication in 22.238 seconds (JVM running for 26.098)
2019-05-15 19:28:41.305 [AsyncResolver-bootstrap-executor-0] INFO  [com.netflix.discovery.shared.resolver.aws.ConfigClusterResolver:43] [,] - Resolving eureka endpoints via configuration
